{"/Users/jacob/core-four-score/expo-env.d.ts": {"path":"/Users/jacob/core-four-score/expo-env.d.ts","statementMap":{},"fnMap":{},"branchMap":{},"s":{},"f":{},"b":{}}
,"/Users/jacob/core-four-score/nativewind-env.d.ts": {"path":"/Users/jacob/core-four-score/nativewind-env.d.ts","statementMap":{},"fnMap":{},"branchMap":{},"s":{},"f":{},"b":{}}
,"/Users/jacob/core-four-score/.expo/types/router.d.ts": {"path":"/Users/jacob/core-four-score/.expo/types/router.d.ts","statementMap":{},"fnMap":{},"branchMap":{},"s":{},"f":{},"b":{}}
,"/Users/jacob/core-four-score/app/+html.tsx": {"path":"/Users/jacob/core-four-score/app/+html.tsx","statementMap":{"0":{"start":{"line":8,"column":2},"end":{"line":27,"column":4}},"1":{"start":{"line":30,"column":29},"end":{"line":38,"column":2}}},"fnMap":{"0":{"name":"Root","decl":{"start":{"line":7,"column":24},"end":{"line":7,"column":28}},"loc":{"start":{"line":7,"column":74},"end":{"line":28,"column":1}},"line":7}},"branchMap":{},"s":{"0":0,"1":0},"f":{"0":0},"b":{}}
,"/Users/jacob/core-four-score/app/+not-found.tsx": {"path":"/Users/jacob/core-four-score/app/+not-found.tsx","statementMap":{"0":{"start":{"line":7,"column":2},"end":{"line":18,"column":4}},"1":{"start":{"line":21,"column":15},"end":{"line":40,"column":2}}},"fnMap":{"0":{"name":"NotFoundScreen","decl":{"start":{"line":6,"column":24},"end":{"line":6,"column":38}},"loc":{"start":{"line":6,"column":41},"end":{"line":19,"column":1}},"line":6}},"branchMap":{},"s":{"0":0,"1":0},"f":{"0":0},"b":{}}
,"/Users/jacob/core-four-score/app/_layout.tsx": {"path":"/Users/jacob/core-four-score/app/_layout.tsx","statementMap":{"0":{"start":{"line":16,"column":33},"end":{"line":19,"column":1}},"1":{"start":{"line":22,"column":0},"end":{"line":22,"column":36}},"2":{"start":{"line":25,"column":26},"end":{"line":27,"column":4}},"3":{"start":{"line":30,"column":2},"end":{"line":32,"column":14}},"4":{"start":{"line":31,"column":4},"end":{"line":31,"column":27}},"5":{"start":{"line":31,"column":15},"end":{"line":31,"column":27}},"6":{"start":{"line":34,"column":2},"end":{"line":38,"column":15}},"7":{"start":{"line":35,"column":4},"end":{"line":37,"column":5}},"8":{"start":{"line":36,"column":6},"end":{"line":36,"column":31}},"9":{"start":{"line":40,"column":2},"end":{"line":42,"column":3}},"10":{"start":{"line":41,"column":4},"end":{"line":41,"column":16}},"11":{"start":{"line":44,"column":2},"end":{"line":44,"column":27}},"12":{"start":{"line":48,"column":22},"end":{"line":48,"column":38}},"13":{"start":{"line":50,"column":2},"end":{"line":59,"column":4}}},"fnMap":{"0":{"name":"RootLayout","decl":{"start":{"line":24,"column":24},"end":{"line":24,"column":34}},"loc":{"start":{"line":24,"column":37},"end":{"line":45,"column":1}},"line":24},"1":{"name":"(anonymous_1)","decl":{"start":{"line":30,"column":12},"end":{"line":30,"column":13}},"loc":{"start":{"line":30,"column":18},"end":{"line":32,"column":3}},"line":30},"2":{"name":"(anonymous_2)","decl":{"start":{"line":34,"column":12},"end":{"line":34,"column":13}},"loc":{"start":{"line":34,"column":18},"end":{"line":38,"column":3}},"line":34},"3":{"name":"RootLayoutNav","decl":{"start":{"line":47,"column":9},"end":{"line":47,"column":22}},"loc":{"start":{"line":47,"column":25},"end":{"line":60,"column":1}},"line":47}},"branchMap":{"0":{"loc":{"start":{"line":31,"column":4},"end":{"line":31,"column":27}},"type":"if","locations":[{"start":{"line":31,"column":4},"end":{"line":31,"column":27}},{"start":{},"end":{}}],"line":31},"1":{"loc":{"start":{"line":35,"column":4},"end":{"line":37,"column":5}},"type":"if","locations":[{"start":{"line":35,"column":4},"end":{"line":37,"column":5}},{"start":{},"end":{}}],"line":35},"2":{"loc":{"start":{"line":40,"column":2},"end":{"line":42,"column":3}},"type":"if","locations":[{"start":{"line":40,"column":2},"end":{"line":42,"column":3}},{"start":{},"end":{}}],"line":40},"3":{"loc":{"start":{"line":52,"column":28},"end":{"line":52,"column":77}},"type":"cond-expr","locations":[{"start":{"line":52,"column":53},"end":{"line":52,"column":62}},{"start":{"line":52,"column":65},"end":{"line":52,"column":77}}],"line":52}},"s":{"0":0,"1":0,"2":0,"3":0,"4":0,"5":0,"6":0,"7":0,"8":0,"9":0,"10":0,"11":0,"12":0,"13":0},"f":{"0":0,"1":0,"2":0,"3":0},"b":{"0":[0,0],"1":[0,0],"2":[0,0],"3":[0,0]}}
,"/Users/jacob/core-four-score/app/game.tsx": {"path":"/Users/jacob/core-four-score/app/game.tsx","statementMap":{"0":{"start":{"line":10,"column":21},"end":{"line":10,"column":30}},"1":{"start":{"line":11,"column":19},"end":{"line":11,"column":41}},"2":{"start":{"line":13,"column":31},"end":{"line":13,"column":85}},"3":{"start":{"line":14,"column":31},"end":{"line":14,"column":85}},"4":{"start":{"line":15,"column":48},"end":{"line":15,"column":114}},"5":{"start":{"line":17,"column":20},"end":{"line":17,"column":46}},"6":{"start":{"line":19,"column":23},"end":{"line":19,"column":76}},"7":{"start":{"line":19,"column":42},"end":{"line":19,"column":63}},"8":{"start":{"line":20,"column":23},"end":{"line":20,"column":76}},"9":{"start":{"line":20,"column":42},"end":{"line":20,"column":63}},"10":{"start":{"line":22,"column":40},"end":{"line":22,"column":80}},"11":{"start":{"line":23,"column":44},"end":{"line":23,"column":82}},"12":{"start":{"line":24,"column":56},"end":{"line":24,"column":71}},"13":{"start":{"line":25,"column":62},"end":{"line":25,"column":91}},"14":{"start":{"line":26,"column":42},"end":{"line":26,"column":54}},"15":{"start":{"line":27,"column":36},"end":{"line":27,"column":48}},"16":{"start":{"line":28,"column":58},"end":{"line":28,"column":80}},"17":{"start":{"line":29,"column":60},"end":{"line":29,"column":75}},"18":{"start":{"line":30,"column":58},"end":{"line":30,"column":80}},"19":{"start":{"line":31,"column":30},"end":{"line":31,"column":42}},"20":{"start":{"line":32,"column":32},"end":{"line":32,"column":47}},"21":{"start":{"line":34,"column":26},"end":{"line":34,"column":41}},"22":{"start":{"line":36,"column":22},"end":{"line":41,"column":5}},"23":{"start":{"line":37,"column":8},"end":{"line":37,"column":28}},"24":{"start":{"line":38,"column":8},"end":{"line":38,"column":28}},"25":{"start":{"line":39,"column":8},"end":{"line":39,"column":24}},"26":{"start":{"line":40,"column":8},"end":{"line":40,"column":21}},"27":{"start":{"line":43,"column":27},"end":{"line":89,"column":5}},"28":{"start":{"line":44,"column":8},"end":{"line":47,"column":9}},"29":{"start":{"line":45,"column":12},"end":{"line":45,"column":74}},"30":{"start":{"line":46,"column":12},"end":{"line":46,"column":19}},"31":{"start":{"line":49,"column":8},"end":{"line":49,"column":24}},"32":{"start":{"line":50,"column":39},"end":{"line":50,"column":43}},"33":{"start":{"line":51,"column":40},"end":{"line":51,"column":44}},"34":{"start":{"line":53,"column":8},"end":{"line":88,"column":9}},"35":{"start":{"line":54,"column":34},"end":{"line":54,"column":56}},"36":{"start":{"line":56,"column":12},"end":{"line":66,"column":15}},"37":{"start":{"line":69,"column":46},"end":{"line":69,"column":48}},"38":{"start":{"line":70,"column":28},"end":{"line":70,"column":100}},"39":{"start":{"line":70,"column":77},"end":{"line":70,"column":99}},"40":{"start":{"line":71,"column":12},"end":{"line":78,"column":13}},"41":{"start":{"line":72,"column":32},"end":{"line":72,"column":48}},"42":{"start":{"line":73,"column":16},"end":{"line":77,"column":17}},"43":{"start":{"line":73,"column":29},"end":{"line":73,"column":30}},"44":{"start":{"line":74,"column":35},"end":{"line":74,"column":51}},"45":{"start":{"line":75,"column":31},"end":{"line":75,"column":155}},"46":{"start":{"line":76,"column":20},"end":{"line":76,"column":45}},"47":{"start":{"line":81,"column":12},"end":{"line":81,"column":24}},"48":{"start":{"line":82,"column":12},"end":{"line":82,"column":29}},"49":{"start":{"line":84,"column":12},"end":{"line":84,"column":53}},"50":{"start":{"line":85,"column":12},"end":{"line":85,"column":57}},"51":{"start":{"line":87,"column":12},"end":{"line":87,"column":29}},"52":{"start":{"line":91,"column":4},"end":{"line":97,"column":5}},"53":{"start":{"line":92,"column":8},"end":{"line":96,"column":10}},"54":{"start":{"line":99,"column":4},"end":{"line":267,"column":6}},"55":{"start":{"line":120,"column":139},"end":{"line":120,"column":161}},"56":{"start":{"line":124,"column":139},"end":{"line":124,"column":161}},"57":{"start":{"line":133,"column":48},"end":{"line":133,"column":69}},"58":{"start":{"line":134,"column":51},"end":{"line":134,"column":77}},"59":{"start":{"line":135,"column":48},"end":{"line":135,"column":117}},"60":{"start":{"line":136,"column":32},"end":{"line":143,"column":34}},"61":{"start":{"line":138,"column":75},"end":{"line":138,"column":103}},"62":{"start":{"line":138,"column":104},"end":{"line":138,"column":123}},"63":{"start":{"line":138,"column":124},"end":{"line":138,"column":152}},"64":{"start":{"line":155,"column":113},"end":{"line":155,"column":142}},"65":{"start":{"line":155,"column":143},"end":{"line":155,"column":174}},"66":{"start":{"line":155,"column":175},"end":{"line":155,"column":194}},"67":{"start":{"line":159,"column":40},"end":{"line":159,"column":75}},"68":{"start":{"line":159,"column":68},"end":{"line":159,"column":75}},"69":{"start":{"line":160,"column":40},"end":{"line":160,"column":159}},"70":{"start":{"line":160,"column":65},"end":{"line":160,"column":156}},"71":{"start":{"line":161,"column":40},"end":{"line":161,"column":69}},"72":{"start":{"line":162,"column":40},"end":{"line":162,"column":59}},"73":{"start":{"line":163,"column":40},"end":{"line":163,"column":71}},"74":{"start":{"line":176,"column":28},"end":{"line":184,"column":29}},"75":{"start":{"line":177,"column":52},"end":{"line":177,"column":112}},"76":{"start":{"line":178,"column":32},"end":{"line":178,"column":68}},"77":{"start":{"line":179,"column":32},"end":{"line":179,"column":68}},"78":{"start":{"line":181,"column":32},"end":{"line":181,"column":91}},"79":{"start":{"line":182,"column":32},"end":{"line":182,"column":59}},"80":{"start":{"line":183,"column":32},"end":{"line":183,"column":59}},"81":{"start":{"line":185,"column":28},"end":{"line":185,"column":58}},"82":{"start":{"line":200,"column":40},"end":{"line":200,"column":58}},"83":{"start":{"line":202,"column":50},"end":{"line":202,"column":75}},"84":{"start":{"line":203,"column":40},"end":{"line":206,"column":41}},"85":{"start":{"line":204,"column":44},"end":{"line":204,"column":88}},"86":{"start":{"line":205,"column":44},"end":{"line":205,"column":51}},"87":{"start":{"line":207,"column":55},"end":{"line":211,"column":101}},"88":{"start":{"line":208,"column":58},"end":{"line":208,"column":73}},"89":{"start":{"line":209,"column":58},"end":{"line":209,"column":104}},"90":{"start":{"line":210,"column":44},"end":{"line":210,"column":64}},"91":{"start":{"line":211,"column":55},"end":{"line":211,"column":66}},"92":{"start":{"line":211,"column":83},"end":{"line":211,"column":100}},"93":{"start":{"line":212,"column":40},"end":{"line":212,"column":85}},"94":{"start":{"line":212,"column":79},"end":{"line":212,"column":82}},"95":{"start":{"line":219,"column":96},"end":{"line":219,"column":127}},"96":{"start":{"line":225,"column":36},"end":{"line":233,"column":37}},"97":{"start":{"line":226,"column":60},"end":{"line":226,"column":124}},"98":{"start":{"line":227,"column":40},"end":{"line":227,"column":76}},"99":{"start":{"line":228,"column":40},"end":{"line":228,"column":76}},"100":{"start":{"line":230,"column":40},"end":{"line":230,"column":103}},"101":{"start":{"line":231,"column":40},"end":{"line":231,"column":67}},"102":{"start":{"line":232,"column":40},"end":{"line":232,"column":67}},"103":{"start":{"line":241,"column":40},"end":{"line":243,"column":59}},"104":{"start":{"line":241,"column":85},"end":{"line":241,"column":102}},"105":{"start":{"line":241,"column":103},"end":{"line":241,"column":134}},"106":{"start":{"line":247,"column":94},"end":{"line":247,"column":124}},"107":{"start":{"line":263,"column":58},"end":{"line":263,"column":71}},"108":{"start":{"line":270,"column":15},"end":{"line":315,"column":2}}},"fnMap":{"0":{"name":"GameScreen","decl":{"start":{"line":9,"column":24},"end":{"line":9,"column":34}},"loc":{"start":{"line":9,"column":37},"end":{"line":268,"column":1}},"line":9},"1":{"name":"(anonymous_1)","decl":{"start":{"line":19,"column":36},"end":{"line":19,"column":37}},"loc":{"start":{"line":19,"column":42},"end":{"line":19,"column":63}},"line":19},"2":{"name":"(anonymous_2)","decl":{"start":{"line":20,"column":36},"end":{"line":20,"column":37}},"loc":{"start":{"line":20,"column":42},"end":{"line":20,"column":63}},"line":20},"3":{"name":"(anonymous_3)","decl":{"start":{"line":36,"column":22},"end":{"line":36,"column":23}},"loc":{"start":{"line":36,"column":28},"end":{"line":41,"column":5}},"line":36},"4":{"name":"(anonymous_4)","decl":{"start":{"line":43,"column":27},"end":{"line":43,"column":28}},"loc":{"start":{"line":43,"column":39},"end":{"line":89,"column":5}},"line":43},"5":{"name":"(anonymous_5)","decl":{"start":{"line":70,"column":64},"end":{"line":70,"column":65}},"loc":{"start":{"line":70,"column":77},"end":{"line":70,"column":99}},"line":70},"6":{"name":"(anonymous_6)","decl":{"start":{"line":120,"column":133},"end":{"line":120,"column":134}},"loc":{"start":{"line":120,"column":139},"end":{"line":120,"column":161}},"line":120},"7":{"name":"(anonymous_7)","decl":{"start":{"line":124,"column":133},"end":{"line":124,"column":134}},"loc":{"start":{"line":124,"column":139},"end":{"line":124,"column":161}},"line":124},"8":{"name":"(anonymous_8)","decl":{"start":{"line":132,"column":41},"end":{"line":132,"column":42}},"loc":{"start":{"line":132,"column":46},"end":{"line":144,"column":29}},"line":132},"9":{"name":"(anonymous_9)","decl":{"start":{"line":138,"column":67},"end":{"line":138,"column":68}},"loc":{"start":{"line":138,"column":73},"end":{"line":138,"column":154}},"line":138},"10":{"name":"(anonymous_10)","decl":{"start":{"line":155,"column":105},"end":{"line":155,"column":106}},"loc":{"start":{"line":155,"column":111},"end":{"line":155,"column":196}},"line":155},"11":{"name":"(anonymous_11)","decl":{"start":{"line":158,"column":105},"end":{"line":158,"column":106}},"loc":{"start":{"line":158,"column":111},"end":{"line":164,"column":37}},"line":158},"12":{"name":"(anonymous_12)","decl":{"start":{"line":160,"column":56},"end":{"line":160,"column":57}},"loc":{"start":{"line":160,"column":65},"end":{"line":160,"column":156}},"line":160},"13":{"name":"(anonymous_13)","decl":{"start":{"line":174,"column":51},"end":{"line":174,"column":52}},"loc":{"start":{"line":174,"column":63},"end":{"line":186,"column":25}},"line":174},"14":{"name":"(anonymous_14)","decl":{"start":{"line":199,"column":50},"end":{"line":199,"column":51}},"loc":{"start":{"line":199,"column":60},"end":{"line":213,"column":37}},"line":199},"15":{"name":"(anonymous_15)","decl":{"start":{"line":207,"column":79},"end":{"line":207,"column":80}},"loc":{"start":{"line":207,"column":84},"end":{"line":211,"column":41}},"line":207},"16":{"name":"(anonymous_16)","decl":{"start":{"line":211,"column":50},"end":{"line":211,"column":51}},"loc":{"start":{"line":211,"column":55},"end":{"line":211,"column":66}},"line":211},"17":{"name":"(anonymous_17)","decl":{"start":{"line":211,"column":73},"end":{"line":211,"column":74}},"loc":{"start":{"line":211,"column":83},"end":{"line":211,"column":100}},"line":211},"18":{"name":"(anonymous_18)","decl":{"start":{"line":212,"column":74},"end":{"line":212,"column":75}},"loc":{"start":{"line":212,"column":79},"end":{"line":212,"column":82}},"line":212},"19":{"name":"(anonymous_19)","decl":{"start":{"line":219,"column":88},"end":{"line":219,"column":89}},"loc":{"start":{"line":219,"column":94},"end":{"line":219,"column":129}},"line":219},"20":{"name":"(anonymous_20)","decl":{"start":{"line":223,"column":88},"end":{"line":223,"column":89}},"loc":{"start":{"line":223,"column":100},"end":{"line":234,"column":33}},"line":223},"21":{"name":"(anonymous_21)","decl":{"start":{"line":240,"column":61},"end":{"line":240,"column":62}},"loc":{"start":{"line":241,"column":40},"end":{"line":243,"column":59}},"line":241},"22":{"name":"(anonymous_22)","decl":{"start":{"line":241,"column":77},"end":{"line":241,"column":78}},"loc":{"start":{"line":241,"column":83},"end":{"line":241,"column":136}},"line":241},"23":{"name":"(anonymous_23)","decl":{"start":{"line":247,"column":88},"end":{"line":247,"column":89}},"loc":{"start":{"line":247,"column":94},"end":{"line":247,"column":124}},"line":247},"24":{"name":"(anonymous_24)","decl":{"start":{"line":263,"column":52},"end":{"line":263,"column":53}},"loc":{"start":{"line":263,"column":58},"end":{"line":263,"column":71}},"line":263}},"branchMap":{"0":{"loc":{"start":{"line":13,"column":31},"end":{"line":13,"column":85}},"type":"cond-expr","locations":[{"start":{"line":13,"column":46},"end":{"line":13,"column":80}},{"start":{"line":13,"column":83},"end":{"line":13,"column":85}}],"line":13},"1":{"loc":{"start":{"line":14,"column":31},"end":{"line":14,"column":85}},"type":"cond-expr","locations":[{"start":{"line":14,"column":46},"end":{"line":14,"column":80}},{"start":{"line":14,"column":83},"end":{"line":14,"column":85}}],"line":14},"2":{"loc":{"start":{"line":15,"column":48},"end":{"line":15,"column":114}},"type":"cond-expr","locations":[{"start":{"line":15,"column":69},"end":{"line":15,"column":109}},{"start":{"line":15,"column":112},"end":{"line":15,"column":114}}],"line":15},"3":{"loc":{"start":{"line":19,"column":42},"end":{"line":19,"column":63}},"type":"binary-expr","locations":[{"start":{"line":19,"column":42},"end":{"line":19,"column":57}},{"start":{"line":19,"column":61},"end":{"line":19,"column":63}}],"line":19},"4":{"loc":{"start":{"line":20,"column":42},"end":{"line":20,"column":63}},"type":"binary-expr","locations":[{"start":{"line":20,"column":42},"end":{"line":20,"column":57}},{"start":{"line":20,"column":61},"end":{"line":20,"column":63}}],"line":20},"5":{"loc":{"start":{"line":44,"column":8},"end":{"line":47,"column":9}},"type":"if","locations":[{"start":{"line":44,"column":8},"end":{"line":47,"column":9}},{"start":{},"end":{}}],"line":44},"6":{"loc":{"start":{"line":58,"column":26},"end":{"line":58,"column":56}},"type":"binary-expr","locations":[{"start":{"line":58,"column":26},"end":{"line":58,"column":34}},{"start":{"line":58,"column":38},"end":{"line":58,"column":56}}],"line":58},"7":{"loc":{"start":{"line":60,"column":50},"end":{"line":60,"column":71}},"type":"cond-expr","locations":[{"start":{"line":60,"column":66},"end":{"line":60,"column":67}},{"start":{"line":60,"column":70},"end":{"line":60,"column":71}}],"line":60},"8":{"loc":{"start":{"line":61,"column":50},"end":{"line":61,"column":71}},"type":"cond-expr","locations":[{"start":{"line":61,"column":66},"end":{"line":61,"column":67}},{"start":{"line":61,"column":70},"end":{"line":61,"column":71}}],"line":61},"9":{"loc":{"start":{"line":70,"column":78},"end":{"line":70,"column":87}},"type":"binary-expr","locations":[{"start":{"line":70,"column":78},"end":{"line":70,"column":81}},{"start":{"line":70,"column":85},"end":{"line":70,"column":87}}],"line":70},"10":{"loc":{"start":{"line":72,"column":37},"end":{"line":72,"column":46}},"type":"binary-expr","locations":[{"start":{"line":72,"column":37},"end":{"line":72,"column":40}},{"start":{"line":72,"column":44},"end":{"line":72,"column":46}}],"line":72},"11":{"loc":{"start":{"line":74,"column":35},"end":{"line":74,"column":51}},"type":"binary-expr","locations":[{"start":{"line":74,"column":35},"end":{"line":74,"column":45}},{"start":{"line":74,"column":49},"end":{"line":74,"column":51}}],"line":74},"12":{"loc":{"start":{"line":91,"column":4},"end":{"line":97,"column":5}},"type":"if","locations":[{"start":{"line":91,"column":4},"end":{"line":97,"column":5}},{"start":{},"end":{}}],"line":91},"13":{"loc":{"start":{"line":120,"column":68},"end":{"line":120,"column":121}},"type":"cond-expr","locations":[{"start":{"line":120,"column":93},"end":{"line":120,"column":114}},{"start":{"line":120,"column":117},"end":{"line":120,"column":121}}],"line":120},"14":{"loc":{"start":{"line":124,"column":68},"end":{"line":124,"column":121}},"type":"cond-expr","locations":[{"start":{"line":124,"column":93},"end":{"line":124,"column":114}},{"start":{"line":124,"column":117},"end":{"line":124,"column":121}}],"line":124},"15":{"loc":{"start":{"line":133,"column":48},"end":{"line":133,"column":69}},"type":"binary-expr","locations":[{"start":{"line":133,"column":48},"end":{"line":133,"column":63}},{"start":{"line":133,"column":67},"end":{"line":133,"column":69}}],"line":133},"16":{"loc":{"start":{"line":134,"column":52},"end":{"line":134,"column":65}},"type":"binary-expr","locations":[{"start":{"line":134,"column":52},"end":{"line":134,"column":59}},{"start":{"line":134,"column":63},"end":{"line":134,"column":65}}],"line":134},"17":{"loc":{"start":{"line":135,"column":48},"end":{"line":135,"column":117}},"type":"cond-expr","locations":[{"start":{"line":135,"column":73},"end":{"line":135,"column":104}},{"start":{"line":135,"column":107},"end":{"line":135,"column":117}}],"line":135},"18":{"loc":{"start":{"line":139,"column":77},"end":{"line":139,"column":96}},"type":"binary-expr","locations":[{"start":{"line":139,"column":77},"end":{"line":139,"column":91}},{"start":{"line":139,"column":95},"end":{"line":139,"column":96}}],"line":139},"19":{"loc":{"start":{"line":140,"column":45},"end":{"line":140,"column":115}},"type":"cond-expr","locations":[{"start":{"line":140,"column":55},"end":{"line":140,"column":108}},{"start":{"line":140,"column":111},"end":{"line":140,"column":115}}],"line":140},"20":{"loc":{"start":{"line":151,"column":77},"end":{"line":151,"column":165}},"type":"cond-expr","locations":[{"start":{"line":151,"column":101},"end":{"line":151,"column":160}},{"start":{"line":151,"column":163},"end":{"line":151,"column":165}}],"line":151},"21":{"loc":{"start":{"line":151,"column":101},"end":{"line":151,"column":160}},"type":"binary-expr","locations":[{"start":{"line":151,"column":101},"end":{"line":151,"column":135}},{"start":{"line":151,"column":139},"end":{"line":151,"column":160}}],"line":151},"22":{"loc":{"start":{"line":159,"column":40},"end":{"line":159,"column":75}},"type":"if","locations":[{"start":{"line":159,"column":40},"end":{"line":159,"column":75}},{"start":{},"end":{}}],"line":159},"23":{"loc":{"start":{"line":160,"column":106},"end":{"line":160,"column":139}},"type":"binary-expr","locations":[{"start":{"line":160,"column":106},"end":{"line":160,"column":133}},{"start":{"line":160,"column":137},"end":{"line":160,"column":139}}],"line":160},"24":{"loc":{"start":{"line":203,"column":40},"end":{"line":206,"column":41}},"type":"if","locations":[{"start":{"line":203,"column":40},"end":{"line":206,"column":41}},{"start":{},"end":{}}],"line":203},"25":{"loc":{"start":{"line":209,"column":58},"end":{"line":209,"column":104}},"type":"cond-expr","locations":[{"start":{"line":209,"column":78},"end":{"line":209,"column":100}},{"start":{"line":209,"column":103},"end":{"line":209,"column":104}}],"line":209},"26":{"loc":{"start":{"line":239,"column":37},"end":{"line":239,"column":131}},"type":"binary-expr","locations":[{"start":{"line":239,"column":37},"end":{"line":239,"column":69}},{"start":{"line":239,"column":73},"end":{"line":239,"column":131}}],"line":239},"27":{"loc":{"start":{"line":274,"column":78},"end":{"line":274,"column":274}},"type":"cond-expr","locations":[{"start":{"line":274,"column":102},"end":{"line":274,"column":156}},{"start":{"line":274,"column":159},"end":{"line":274,"column":274}}],"line":274},"28":{"loc":{"start":{"line":278,"column":72},"end":{"line":278,"column":268}},"type":"cond-expr","locations":[{"start":{"line":278,"column":96},"end":{"line":278,"column":150}},{"start":{"line":278,"column":153},"end":{"line":278,"column":268}}],"line":278},"29":{"loc":{"start":{"line":311,"column":124},"end":{"line":311,"column":318}},"type":"cond-expr","locations":[{"start":{"line":311,"column":148},"end":{"line":311,"column":201}},{"start":{"line":311,"column":204},"end":{"line":311,"column":318}}],"line":311}},"s":{"0":0,"1":0,"2":0,"3":0,"4":0,"5":0,"6":0,"7":0,"8":0,"9":0,"10":0,"11":0,"12":0,"13":0,"14":0,"15":0,"16":0,"17":0,"18":0,"19":0,"20":0,"21":0,"22":0,"23":0,"24":0,"25":0,"26":0,"27":0,"28":0,"29":0,"30":0,"31":0,"32":0,"33":0,"34":0,"35":0,"36":0,"37":0,"38":0,"39":0,"40":0,"41":0,"42":0,"43":0,"44":0,"45":0,"46":0,"47":0,"48":0,"49":0,"50":0,"51":0,"52":0,"53":0,"54":0,"55":0,"56":0,"57":0,"58":0,"59":0,"60":0,"61":0,"62":0,"63":0,"64":0,"65":0,"66":0,"67":0,"68":0,"69":0,"70":0,"71":0,"72":0,"73":0,"74":0,"75":0,"76":0,"77":0,"78":0,"79":0,"80":0,"81":0,"82":0,"83":0,"84":0,"85":0,"86":0,"87":0,"88":0,"89":0,"90":0,"91":0,"92":0,"93":0,"94":0,"95":0,"96":0,"97":0,"98":0,"99":0,"100":0,"101":0,"102":0,"103":0,"104":0,"105":0,"106":0,"107":0,"108":0},"f":{"0":0,"1":0,"2":0,"3":0,"4":0,"5":0,"6":0,"7":0,"8":0,"9":0,"10":0,"11":0,"12":0,"13":0,"14":0,"15":0,"16":0,"17":0,"18":0,"19":0,"20":0,"21":0,"22":0,"23":0,"24":0},"b":{"0":[0,0],"1":[0,0],"2":[0,0],"3":[0,0],"4":[0,0],"5":[0,0],"6":[0,0],"7":[0,0],"8":[0,0],"9":[0,0],"10":[0,0],"11":[0,0],"12":[0,0],"13":[0,0],"14":[0,0],"15":[0,0],"16":[0,0],"17":[0,0],"18":[0,0],"19":[0,0],"20":[0,0],"21":[0,0],"22":[0,0],"23":[0,0],"24":[0,0],"25":[0,0],"26":[0,0],"27":[0,0],"28":[0,0],"29":[0,0]}}
,"/Users/jacob/core-four-score/app/modal.tsx": {"path":"/Users/jacob/core-four-score/app/modal.tsx","statementMap":{"0":{"start":{"line":8,"column":2},"end":{"line":17,"column":4}},"1":{"start":{"line":20,"column":15},"end":{"line":35,"column":2}}},"fnMap":{"0":{"name":"ModalScreen","decl":{"start":{"line":7,"column":24},"end":{"line":7,"column":35}},"loc":{"start":{"line":7,"column":38},"end":{"line":18,"column":1}},"line":7}},"branchMap":{"0":{"loc":{"start":{"line":15,"column":24},"end":{"line":15,"column":64}},"type":"cond-expr","locations":[{"start":{"line":15,"column":48},"end":{"line":15,"column":55}},{"start":{"line":15,"column":58},"end":{"line":15,"column":64}}],"line":15}},"s":{"0":0,"1":0},"f":{"0":0},"b":{"0":[0,0]}}
,"/Users/jacob/core-four-score/app/profile.tsx": {"path":"/Users/jacob/core-four-score/app/profile.tsx","statementMap":{"0":{"start":{"line":10,"column":30},"end":{"line":10,"column":39}},"1":{"start":{"line":11,"column":19},"end":{"line":11,"column":30}},"2":{"start":{"line":12,"column":34},"end":{"line":12,"column":49}},"3":{"start":{"line":13,"column":34},"end":{"line":13,"column":60}},"4":{"start":{"line":14,"column":30},"end":{"line":14,"column":56}},"5":{"start":{"line":15,"column":42},"end":{"line":15,"column":54}},"6":{"start":{"line":16,"column":44},"end":{"line":16,"column":56}},"7":{"start":{"line":17,"column":32},"end":{"line":17,"column":47}},"8":{"start":{"line":19,"column":4},"end":{"line":34,"column":15}},"9":{"start":{"line":20,"column":21},"end":{"line":32,"column":9}},"10":{"start":{"line":21,"column":12},"end":{"line":21,"column":30}},"11":{"start":{"line":21,"column":23},"end":{"line":21,"column":30}},"12":{"start":{"line":22,"column":12},"end":{"line":22,"column":29}},"13":{"start":{"line":23,"column":41},"end":{"line":26,"column":14}},"14":{"start":{"line":27,"column":12},"end":{"line":27,"column":29}},"15":{"start":{"line":28,"column":12},"end":{"line":28,"column":52}},"16":{"start":{"line":29,"column":12},"end":{"line":29,"column":50}},"17":{"start":{"line":30,"column":12},"end":{"line":30,"column":35}},"18":{"start":{"line":31,"column":12},"end":{"line":31,"column":30}},"19":{"start":{"line":33,"column":8},"end":{"line":33,"column":15}},"20":{"start":{"line":36,"column":4},"end":{"line":36,"column":27}},"21":{"start":{"line":36,"column":15},"end":{"line":36,"column":27}},"22":{"start":{"line":38,"column":4},"end":{"line":44,"column":5}},"23":{"start":{"line":39,"column":8},"end":{"line":43,"column":10}},"24":{"start":{"line":46,"column":27},"end":{"line":46,"column":92}},"25":{"start":{"line":47,"column":19},"end":{"line":47,"column":129}},"26":{"start":{"line":49,"column":4},"end":{"line":124,"column":6}},"27":{"start":{"line":92,"column":28},"end":{"line":92,"column":46}},"28":{"start":{"line":92,"column":39},"end":{"line":92,"column":46}},"29":{"start":{"line":93,"column":28},"end":{"line":93,"column":44}},"30":{"start":{"line":94,"column":28},"end":{"line":100,"column":29}},"31":{"start":{"line":95,"column":32},"end":{"line":95,"column":98}},"32":{"start":{"line":96,"column":50},"end":{"line":96,"column":85}},"33":{"start":{"line":97,"column":32},"end":{"line":97,"column":54}},"34":{"start":{"line":99,"column":32},"end":{"line":99,"column":79}},"35":{"start":{"line":101,"column":28},"end":{"line":101,"column":45}},"36":{"start":{"line":109,"column":28},"end":{"line":115,"column":29}},"37":{"start":{"line":110,"column":32},"end":{"line":114,"column":33}},"38":{"start":{"line":111,"column":36},"end":{"line":111,"column":52}},"39":{"start":{"line":113,"column":36},"end":{"line":113,"column":74}},"40":{"start":{"line":116,"column":28},"end":{"line":116,"column":70}},"41":{"start":{"line":116,"column":34},"end":{"line":116,"column":54}},"42":{"start":{"line":127,"column":23},"end":{"line":132,"column":1}},"43":{"start":{"line":134,"column":15},"end":{"line":156,"column":2}}},"fnMap":{"0":{"name":"ProfileScreen","decl":{"start":{"line":9,"column":24},"end":{"line":9,"column":37}},"loc":{"start":{"line":9,"column":40},"end":{"line":125,"column":1}},"line":9},"1":{"name":"(anonymous_1)","decl":{"start":{"line":19,"column":14},"end":{"line":19,"column":15}},"loc":{"start":{"line":19,"column":20},"end":{"line":34,"column":5}},"line":19},"2":{"name":"(anonymous_2)","decl":{"start":{"line":20,"column":21},"end":{"line":20,"column":22}},"loc":{"start":{"line":20,"column":33},"end":{"line":32,"column":9}},"line":20},"3":{"name":"(anonymous_3)","decl":{"start":{"line":91,"column":33},"end":{"line":91,"column":34}},"loc":{"start":{"line":91,"column":45},"end":{"line":102,"column":25}},"line":91},"4":{"name":"(anonymous_4)","decl":{"start":{"line":108,"column":33},"end":{"line":108,"column":34}},"loc":{"start":{"line":108,"column":45},"end":{"line":117,"column":25}},"line":108}},"branchMap":{"0":{"loc":{"start":{"line":21,"column":12},"end":{"line":21,"column":30}},"type":"if","locations":[{"start":{"line":21,"column":12},"end":{"line":21,"column":30}},{"start":{},"end":{}}],"line":21},"1":{"loc":{"start":{"line":28,"column":27},"end":{"line":28,"column":50}},"type":"binary-expr","locations":[{"start":{"line":28,"column":27},"end":{"line":28,"column":44}},{"start":{"line":28,"column":48},"end":{"line":28,"column":50}}],"line":28},"2":{"loc":{"start":{"line":29,"column":28},"end":{"line":29,"column":48}},"type":"binary-expr","locations":[{"start":{"line":29,"column":28},"end":{"line":29,"column":42}},{"start":{"line":29,"column":46},"end":{"line":29,"column":48}}],"line":29},"3":{"loc":{"start":{"line":36,"column":4},"end":{"line":36,"column":27}},"type":"if","locations":[{"start":{"line":36,"column":4},"end":{"line":36,"column":27}},{"start":{},"end":{}}],"line":36},"4":{"loc":{"start":{"line":38,"column":4},"end":{"line":44,"column":5}},"type":"if","locations":[{"start":{"line":38,"column":4},"end":{"line":44,"column":5}},{"start":{},"end":{}}],"line":38},"5":{"loc":{"start":{"line":38,"column":8},"end":{"line":38,"column":27}},"type":"binary-expr","locations":[{"start":{"line":38,"column":8},"end":{"line":38,"column":15}},{"start":{"line":38,"column":19},"end":{"line":38,"column":27}}],"line":38},"6":{"loc":{"start":{"line":46,"column":27},"end":{"line":46,"column":92}},"type":"binary-expr","locations":[{"start":{"line":46,"column":27},"end":{"line":46,"column":32}},{"start":{"line":46,"column":36},"end":{"line":46,"column":50}},{"start":{"line":46,"column":54},"end":{"line":46,"column":92}}],"line":46},"7":{"loc":{"start":{"line":47,"column":19},"end":{"line":47,"column":129}},"type":"cond-expr","locations":[{"start":{"line":47,"column":52},"end":{"line":47,"column":121}},{"start":{"line":47,"column":124},"end":{"line":47,"column":129}}],"line":47},"8":{"loc":{"start":{"line":52,"column":17},"end":{"line":56,"column":17}},"type":"cond-expr","locations":[{"start":{"line":53,"column":20},"end":{"line":53,"column":102}},{"start":{"line":55,"column":20},"end":{"line":55,"column":151}}],"line":52},"9":{"loc":{"start":{"line":52,"column":18},"end":{"line":52,"column":50}},"type":"binary-expr","locations":[{"start":{"line":52,"column":18},"end":{"line":52,"column":30}},{"start":{"line":52,"column":34},"end":{"line":52,"column":50}}],"line":52},"10":{"loc":{"start":{"line":53,"column":42},"end":{"line":53,"column":74}},"type":"binary-expr","locations":[{"start":{"line":53,"column":42},"end":{"line":53,"column":54}},{"start":{"line":53,"column":58},"end":{"line":53,"column":74}}],"line":53},"11":{"loc":{"start":{"line":90,"column":31},"end":{"line":90,"column":60}},"type":"cond-expr","locations":[{"start":{"line":90,"column":40},"end":{"line":90,"column":51}},{"start":{"line":90,"column":54},"end":{"line":90,"column":60}}],"line":90},"12":{"loc":{"start":{"line":92,"column":28},"end":{"line":92,"column":46}},"type":"if","locations":[{"start":{"line":92,"column":28},"end":{"line":92,"column":46}},{"start":{},"end":{}}],"line":92},"13":{"loc":{"start":{"line":109,"column":28},"end":{"line":115,"column":29}},"type":"if","locations":[{"start":{"line":109,"column":28},"end":{"line":115,"column":29}},{"start":{},"end":{}}],"line":109},"14":{"loc":{"start":{"line":148,"column":72},"end":{"line":148,"column":268}},"type":"cond-expr","locations":[{"start":{"line":148,"column":96},"end":{"line":148,"column":150}},{"start":{"line":148,"column":153},"end":{"line":148,"column":268}}],"line":148}},"s":{"0":0,"1":0,"2":0,"3":0,"4":0,"5":0,"6":0,"7":0,"8":0,"9":0,"10":0,"11":0,"12":0,"13":0,"14":0,"15":0,"16":0,"17":0,"18":0,"19":0,"20":0,"21":0,"22":0,"23":0,"24":0,"25":0,"26":0,"27":0,"28":0,"29":0,"30":0,"31":0,"32":0,"33":0,"34":0,"35":0,"36":0,"37":0,"38":0,"39":0,"40":0,"41":0,"42":0,"43":0},"f":{"0":0,"1":0,"2":0,"3":0,"4":0},"b":{"0":[0,0],"1":[0,0],"2":[0,0],"3":[0,0],"4":[0,0],"5":[0,0],"6":[0,0,0],"7":[0,0],"8":[0,0],"9":[0,0],"10":[0,0],"11":[0,0],"12":[0,0],"13":[0,0],"14":[0,0]}}
,"/Users/jacob/core-four-score/app/(tabs)/_layout.tsx": {"path":"/Users/jacob/core-four-score/app/(tabs)/_layout.tsx","statementMap":{"0":{"start":{"line":10,"column":2},"end":{"line":10,"column":62}},"1":{"start":{"line":14,"column":17},"end":{"line":14,"column":28}},"2":{"start":{"line":15,"column":19},"end":{"line":15,"column":28}},"3":{"start":{"line":16,"column":2},"end":{"line":67,"column":4}},"4":{"start":{"line":33,"column":10},"end":{"line":41,"column":29}},"5":{"start":{"line":33,"column":71},"end":{"line":33,"column":94}},"6":{"start":{"line":49,"column":37},"end":{"line":49,"column":76}},"7":{"start":{"line":56,"column":37},"end":{"line":56,"column":76}},"8":{"start":{"line":63,"column":37},"end":{"line":63,"column":76}}},"fnMap":{"0":{"name":"TabBarIcon","decl":{"start":{"line":9,"column":9},"end":{"line":9,"column":19}},"loc":{"start":{"line":9,"column":72},"end":{"line":11,"column":1}},"line":9},"1":{"name":"TabLayout","decl":{"start":{"line":13,"column":24},"end":{"line":13,"column":33}},"loc":{"start":{"line":13,"column":36},"end":{"line":68,"column":1}},"line":13},"2":{"name":"(anonymous_2)","decl":{"start":{"line":32,"column":21},"end":{"line":32,"column":22}},"loc":{"start":{"line":33,"column":10},"end":{"line":41,"column":29}},"line":33},"3":{"name":"(anonymous_3)","decl":{"start":{"line":33,"column":65},"end":{"line":33,"column":66}},"loc":{"start":{"line":33,"column":71},"end":{"line":33,"column":94}},"line":33},"4":{"name":"(anonymous_4)","decl":{"start":{"line":49,"column":22},"end":{"line":49,"column":23}},"loc":{"start":{"line":49,"column":37},"end":{"line":49,"column":76}},"line":49},"5":{"name":"(anonymous_5)","decl":{"start":{"line":56,"column":22},"end":{"line":56,"column":23}},"loc":{"start":{"line":56,"column":37},"end":{"line":56,"column":76}},"line":56},"6":{"name":"(anonymous_6)","decl":{"start":{"line":63,"column":22},"end":{"line":63,"column":23}},"loc":{"start":{"line":63,"column":37},"end":{"line":63,"column":76}},"line":63}},"branchMap":{"0":{"loc":{"start":{"line":34,"column":13},"end":{"line":40,"column":13}},"type":"cond-expr","locations":[{"start":{"line":35,"column":14},"end":{"line":35,"column":107}},{"start":{"line":37,"column":14},"end":{"line":39,"column":21}}],"line":34},"1":{"loc":{"start":{"line":38,"column":53},"end":{"line":38,"column":105}},"type":"binary-expr","locations":[{"start":{"line":38,"column":53},"end":{"line":38,"column":97}},{"start":{"line":38,"column":101},"end":{"line":38,"column":105}}],"line":38}},"s":{"0":0,"1":0,"2":0,"3":0,"4":0,"5":0,"6":0,"7":0,"8":0},"f":{"0":0,"1":0,"2":0,"3":0,"4":0,"5":0,"6":0},"b":{"0":[0,0],"1":[0,0]}}
,"/Users/jacob/core-four-score/app/(tabs)/index.tsx": {"path":"/Users/jacob/core-four-score/app/(tabs)/index.tsx","statementMap":{"0":{"start":{"line":20,"column":68},"end":{"line":20,"column":77}},"1":{"start":{"line":21,"column":38},"end":{"line":21,"column":52}},"2":{"start":{"line":22,"column":40},"end":{"line":22,"column":72}},"3":{"start":{"line":23,"column":32},"end":{"line":23,"column":47}},"4":{"start":{"line":24,"column":38},"end":{"line":24,"column":53}},"5":{"start":{"line":27,"column":24},"end":{"line":27,"column":39}},"6":{"start":{"line":29,"column":26},"end":{"line":39,"column":3}},"7":{"start":{"line":30,"column":4},"end":{"line":38,"column":5}},"8":{"start":{"line":31,"column":6},"end":{"line":31,"column":23}},"9":{"start":{"line":32,"column":19},"end":{"line":32,"column":73}},"10":{"start":{"line":33,"column":6},"end":{"line":33,"column":27}},"11":{"start":{"line":35,"column":6},"end":{"line":35,"column":57}},"12":{"start":{"line":37,"column":6},"end":{"line":37,"column":24}},"13":{"start":{"line":41,"column":24},"end":{"line":45,"column":3}},"14":{"start":{"line":42,"column":4},"end":{"line":42,"column":24}},"15":{"start":{"line":43,"column":4},"end":{"line":43,"column":28}},"16":{"start":{"line":44,"column":4},"end":{"line":44,"column":25}},"17":{"start":{"line":47,"column":2},"end":{"line":60,"column":13}},"18":{"start":{"line":48,"column":4},"end":{"line":50,"column":5}},"19":{"start":{"line":49,"column":6},"end":{"line":49,"column":24}},"20":{"start":{"line":53,"column":4},"end":{"line":56,"column":5}},"21":{"start":{"line":54,"column":6},"end":{"line":54,"column":26}},"22":{"start":{"line":55,"column":6},"end":{"line":55,"column":76}},"23":{"start":{"line":55,"column":27},"end":{"line":55,"column":47}},"24":{"start":{"line":57,"column":4},"end":{"line":59,"column":6}},"25":{"start":{"line":58,"column":6},"end":{"line":58,"column":29}},"26":{"start":{"line":58,"column":13},"end":{"line":58,"column":29}},"27":{"start":{"line":63,"column":2},"end":{"line":70,"column":3}},"28":{"start":{"line":64,"column":4},"end":{"line":69,"column":6}},"29":{"start":{"line":73,"column":2},"end":{"line":94,"column":3}},"30":{"start":{"line":74,"column":4},"end":{"line":93,"column":6}},"31":{"start":{"line":96,"column":2},"end":{"line":203,"column":4}},"32":{"start":{"line":128,"column":14},"end":{"line":169,"column":15}},"33":{"start":{"line":129,"column":32},"end":{"line":129,"column":91}},"34":{"start":{"line":130,"column":16},"end":{"line":133,"column":17}},"35":{"start":{"line":131,"column":18},"end":{"line":131,"column":107}},"36":{"start":{"line":132,"column":18},"end":{"line":132,"column":25}},"37":{"start":{"line":136,"column":29},"end":{"line":136,"column":52}},"38":{"start":{"line":136,"column":46},"end":{"line":136,"column":51}},"39":{"start":{"line":137,"column":16},"end":{"line":140,"column":17}},"40":{"start":{"line":138,"column":35},"end":{"line":138,"column":78}},"41":{"start":{"line":138,"column":58},"end":{"line":138,"column":77}},"42":{"start":{"line":139,"column":18},"end":{"line":139,"column":48}},"43":{"start":{"line":143,"column":16},"end":{"line":148,"column":17}},"44":{"start":{"line":144,"column":36},"end":{"line":144,"column":94}},"45":{"start":{"line":144,"column":53},"end":{"line":144,"column":58}},"46":{"start":{"line":144,"column":73},"end":{"line":144,"column":93}},"47":{"start":{"line":145,"column":18},"end":{"line":147,"column":19}},"48":{"start":{"line":146,"column":20},"end":{"line":146,"column":52}},"49":{"start":{"line":151,"column":33},"end":{"line":151,"column":76}},"50":{"start":{"line":151,"column":56},"end":{"line":151,"column":75}},"51":{"start":{"line":152,"column":30},"end":{"line":152,"column":50}},"52":{"start":{"line":153,"column":30},"end":{"line":153,"column":50}},"53":{"start":{"line":155,"column":60},"end":{"line":155,"column":62}},"54":{"start":{"line":156,"column":16},"end":{"line":156,"column":75}},"55":{"start":{"line":156,"column":38},"end":{"line":156,"column":72}},"56":{"start":{"line":158,"column":16},"end":{"line":165,"column":19}},"57":{"start":{"line":167,"column":16},"end":{"line":167,"column":64}},"58":{"start":{"line":168,"column":16},"end":{"line":168,"column":62}},"59":{"start":{"line":191,"column":14},"end":{"line":195,"column":16}},"60":{"start":{"line":206,"column":15},"end":{"line":348,"column":2}}},"fnMap":{"0":{"name":"HomeScreen","decl":{"start":{"line":19,"column":24},"end":{"line":19,"column":34}},"loc":{"start":{"line":19,"column":37},"end":{"line":204,"column":1}},"line":19},"1":{"name":"(anonymous_1)","decl":{"start":{"line":29,"column":26},"end":{"line":29,"column":27}},"loc":{"start":{"line":29,"column":38},"end":{"line":39,"column":3}},"line":29},"2":{"name":"(anonymous_2)","decl":{"start":{"line":41,"column":24},"end":{"line":41,"column":25}},"loc":{"start":{"line":41,"column":36},"end":{"line":45,"column":3}},"line":41},"3":{"name":"(anonymous_3)","decl":{"start":{"line":47,"column":12},"end":{"line":47,"column":13}},"loc":{"start":{"line":47,"column":18},"end":{"line":60,"column":3}},"line":47},"4":{"name":"(anonymous_4)","decl":{"start":{"line":55,"column":21},"end":{"line":55,"column":22}},"loc":{"start":{"line":55,"column":27},"end":{"line":55,"column":47}},"line":55},"5":{"name":"(anonymous_5)","decl":{"start":{"line":57,"column":11},"end":{"line":57,"column":12}},"loc":{"start":{"line":57,"column":17},"end":{"line":59,"column":5}},"line":57},"6":{"name":"(anonymous_6)","decl":{"start":{"line":127,"column":21},"end":{"line":127,"column":22}},"loc":{"start":{"line":127,"column":33},"end":{"line":170,"column":13}},"line":127},"7":{"name":"(anonymous_7)","decl":{"start":{"line":136,"column":41},"end":{"line":136,"column":42}},"loc":{"start":{"line":136,"column":46},"end":{"line":136,"column":51}},"line":136},"8":{"name":"(anonymous_8)","decl":{"start":{"line":138,"column":52},"end":{"line":138,"column":53}},"loc":{"start":{"line":138,"column":58},"end":{"line":138,"column":77}},"line":138},"9":{"name":"(anonymous_9)","decl":{"start":{"line":144,"column":48},"end":{"line":144,"column":49}},"loc":{"start":{"line":144,"column":53},"end":{"line":144,"column":58}},"line":144},"10":{"name":"(anonymous_10)","decl":{"start":{"line":144,"column":67},"end":{"line":144,"column":68}},"loc":{"start":{"line":144,"column":73},"end":{"line":144,"column":93}},"line":144},"11":{"name":"(anonymous_11)","decl":{"start":{"line":151,"column":50},"end":{"line":151,"column":51}},"loc":{"start":{"line":151,"column":56},"end":{"line":151,"column":75}},"line":151},"12":{"name":"(anonymous_12)","decl":{"start":{"line":156,"column":32},"end":{"line":156,"column":33}},"loc":{"start":{"line":156,"column":38},"end":{"line":156,"column":72}},"line":156},"13":{"name":"(anonymous_13)","decl":{"start":{"line":190,"column":28},"end":{"line":190,"column":29}},"loc":{"start":{"line":191,"column":14},"end":{"line":195,"column":16}},"line":191}},"branchMap":{"0":{"loc":{"start":{"line":48,"column":4},"end":{"line":50,"column":5}},"type":"if","locations":[{"start":{"line":48,"column":4},"end":{"line":50,"column":5}},{"start":{},"end":{}}],"line":48},"1":{"loc":{"start":{"line":53,"column":4},"end":{"line":56,"column":5}},"type":"if","locations":[{"start":{"line":53,"column":4},"end":{"line":56,"column":5}},{"start":{},"end":{}}],"line":53},"2":{"loc":{"start":{"line":58,"column":6},"end":{"line":58,"column":29}},"type":"if","locations":[{"start":{"line":58,"column":6},"end":{"line":58,"column":29}},{"start":{},"end":{}}],"line":58},"3":{"loc":{"start":{"line":63,"column":2},"end":{"line":70,"column":3}},"type":"if","locations":[{"start":{"line":63,"column":2},"end":{"line":70,"column":3}},{"start":{},"end":{}}],"line":63},"4":{"loc":{"start":{"line":73,"column":2},"end":{"line":94,"column":3}},"type":"if","locations":[{"start":{"line":73,"column":2},"end":{"line":94,"column":3}},{"start":{},"end":{}}],"line":73},"5":{"loc":{"start":{"line":108,"column":9},"end":{"line":120,"column":9}},"type":"binary-expr","locations":[{"start":{"line":108,"column":9},"end":{"line":108,"column":19}},{"start":{"line":109,"column":10},"end":{"line":119,"column":17}}],"line":108},"6":{"loc":{"start":{"line":130,"column":16},"end":{"line":133,"column":17}},"type":"if","locations":[{"start":{"line":130,"column":16},"end":{"line":133,"column":17}},{"start":{},"end":{}}],"line":130},"7":{"loc":{"start":{"line":130,"column":20},"end":{"line":130,"column":50}},"type":"binary-expr","locations":[{"start":{"line":130,"column":20},"end":{"line":130,"column":28}},{"start":{"line":130,"column":32},"end":{"line":130,"column":50}}],"line":130},"8":{"loc":{"start":{"line":137,"column":16},"end":{"line":140,"column":17}},"type":"if","locations":[{"start":{"line":137,"column":16},"end":{"line":140,"column":17}},{"start":{},"end":{}}],"line":137},"9":{"loc":{"start":{"line":143,"column":16},"end":{"line":148,"column":17}},"type":"if","locations":[{"start":{"line":143,"column":16},"end":{"line":148,"column":17}},{"start":{},"end":{}}],"line":143},"10":{"loc":{"start":{"line":145,"column":25},"end":{"line":145,"column":66}},"type":"binary-expr","locations":[{"start":{"line":145,"column":25},"end":{"line":145,"column":42}},{"start":{"line":145,"column":46},"end":{"line":145,"column":66}}],"line":145},"11":{"loc":{"start":{"line":182,"column":11},"end":{"line":197,"column":11}},"type":"cond-expr","locations":[{"start":{"line":183,"column":12},"end":{"line":183,"column":62}},{"start":{"line":184,"column":14},"end":{"line":197,"column":11}}],"line":182},"12":{"loc":{"start":{"line":182,"column":11},"end":{"line":182,"column":33}},"type":"binary-expr","locations":[{"start":{"line":182,"column":11},"end":{"line":182,"column":18}},{"start":{"line":182,"column":22},"end":{"line":182,"column":33}}],"line":182},"13":{"loc":{"start":{"line":184,"column":14},"end":{"line":197,"column":11}},"type":"cond-expr","locations":[{"start":{"line":185,"column":12},"end":{"line":188,"column":19}},{"start":{"line":190,"column":12},"end":{"line":196,"column":14}}],"line":184},"14":{"loc":{"start":{"line":232,"column":8},"end":{"line":238,"column":5}},"type":"cond-expr","locations":[{"start":{"line":232,"column":32},"end":{"line":232,"column":86}},{"start":{"line":232,"column":89},"end":{"line":238,"column":5}}],"line":232},"15":{"loc":{"start":{"line":244,"column":8},"end":{"line":250,"column":5}},"type":"cond-expr","locations":[{"start":{"line":244,"column":32},"end":{"line":244,"column":86}},{"start":{"line":244,"column":89},"end":{"line":250,"column":5}}],"line":244},"16":{"loc":{"start":{"line":326,"column":8},"end":{"line":332,"column":5}},"type":"cond-expr","locations":[{"start":{"line":326,"column":32},"end":{"line":326,"column":86}},{"start":{"line":326,"column":89},"end":{"line":332,"column":5}}],"line":326}},"s":{"0":0,"1":0,"2":0,"3":0,"4":0,"5":0,"6":0,"7":0,"8":0,"9":0,"10":0,"11":0,"12":0,"13":0,"14":0,"15":0,"16":0,"17":0,"18":0,"19":0,"20":0,"21":0,"22":0,"23":0,"24":0,"25":0,"26":0,"27":0,"28":0,"29":0,"30":0,"31":0,"32":0,"33":0,"34":0,"35":0,"36":0,"37":0,"38":0,"39":0,"40":0,"41":0,"42":0,"43":0,"44":0,"45":0,"46":0,"47":0,"48":0,"49":0,"50":0,"51":0,"52":0,"53":0,"54":0,"55":0,"56":0,"57":0,"58":0,"59":0,"60":0},"f":{"0":0,"1":0,"2":0,"3":0,"4":0,"5":0,"6":0,"7":0,"8":0,"9":0,"10":0,"11":0,"12":0,"13":0},"b":{"0":[0,0],"1":[0,0],"2":[0,0],"3":[0,0],"4":[0,0],"5":[0,0],"6":[0,0],"7":[0,0],"8":[0,0],"9":[0,0],"10":[0,0],"11":[0,0],"12":[0,0],"13":[0,0],"14":[0,0],"15":[0,0],"16":[0,0]}}
,"/Users/jacob/core-four-score/app/(tabs)/rules.tsx": {"path":"/Users/jacob/core-four-score/app/(tabs)/rules.tsx","statementMap":{"0":{"start":{"line":19,"column":21},"end":{"line":19,"column":30}},"1":{"start":{"line":20,"column":30},"end":{"line":20,"column":53}},"2":{"start":{"line":21,"column":38},"end":{"line":21,"column":74}},"3":{"start":{"line":22,"column":44},"end":{"line":22,"column":59}},"4":{"start":{"line":23,"column":36},"end":{"line":23,"column":48}},"5":{"start":{"line":25,"column":4},"end":{"line":27,"column":11}},"6":{"start":{"line":26,"column":8},"end":{"line":26,"column":21}},"7":{"start":{"line":30,"column":21},"end":{"line":30,"column":59}},"8":{"start":{"line":31,"column":8},"end":{"line":31,"column":45}},"9":{"start":{"line":32,"column":22},"end":{"line":32,"column":60}},"10":{"start":{"line":33,"column":31},"end":{"line":33,"column":88}},"11":{"start":{"line":33,"column":52},"end":{"line":33,"column":86}},"12":{"start":{"line":35,"column":8},"end":{"line":41,"column":11}},"13":{"start":{"line":36,"column":31},"end":{"line":36,"column":52}},"14":{"start":{"line":37,"column":31},"end":{"line":37,"column":52}},"15":{"start":{"line":38,"column":12},"end":{"line":38,"column":53}},"16":{"start":{"line":38,"column":43},"end":{"line":38,"column":53}},"17":{"start":{"line":39,"column":12},"end":{"line":39,"column":52}},"18":{"start":{"line":39,"column":43},"end":{"line":39,"column":52}},"19":{"start":{"line":40,"column":12},"end":{"line":40,"column":21}},"20":{"start":{"line":44,"column":23},"end":{"line":44,"column":40}},"21":{"start":{"line":45,"column":8},"end":{"line":48,"column":9}},"22":{"start":{"line":46,"column":12},"end":{"line":46,"column":72}},"23":{"start":{"line":46,"column":51},"end":{"line":46,"column":72}},"24":{"start":{"line":47,"column":12},"end":{"line":47,"column":100}},"25":{"start":{"line":47,"column":57},"end":{"line":47,"column":96}},"26":{"start":{"line":47,"column":82},"end":{"line":47,"column":96}},"27":{"start":{"line":50,"column":8},"end":{"line":63,"column":9}},"28":{"start":{"line":51,"column":25},"end":{"line":51,"column":43}},"29":{"start":{"line":52,"column":28},"end":{"line":59,"column":15}},"30":{"start":{"line":53,"column":16},"end":{"line":58,"column":17}},"31":{"start":{"line":54,"column":30},"end":{"line":54,"column":60}},"32":{"start":{"line":55,"column":20},"end":{"line":55,"column":76}},"33":{"start":{"line":57,"column":20},"end":{"line":57,"column":58}},"34":{"start":{"line":60,"column":48},"end":{"line":60,"column":50}},"35":{"start":{"line":61,"column":12},"end":{"line":61,"column":53}},"36":{"start":{"line":61,"column":42},"end":{"line":61,"column":53}},"37":{"start":{"line":62,"column":12},"end":{"line":62,"column":30}},"38":{"start":{"line":65,"column":8},"end":{"line":65,"column":22}},"39":{"start":{"line":69,"column":20},"end":{"line":69,"column":30}},"40":{"start":{"line":70,"column":8},"end":{"line":80,"column":9}},"41":{"start":{"line":71,"column":12},"end":{"line":79,"column":13}},"42":{"start":{"line":72,"column":29},"end":{"line":72,"column":37}},"43":{"start":{"line":73,"column":34},"end":{"line":73,"column":55}},"44":{"start":{"line":74,"column":16},"end":{"line":76,"column":17}},"45":{"start":{"line":75,"column":20},"end":{"line":75,"column":60}},"46":{"start":{"line":78,"column":16},"end":{"line":78,"column":77}},"47":{"start":{"line":84,"column":8},"end":{"line":84,"column":26}},"48":{"start":{"line":84,"column":19},"end":{"line":84,"column":26}},"49":{"start":{"line":85,"column":8},"end":{"line":85,"column":37}},"50":{"start":{"line":85,"column":30},"end":{"line":85,"column":37}},"51":{"start":{"line":86,"column":19},"end":{"line":86,"column":86}},"52":{"start":{"line":87,"column":20},"end":{"line":87,"column":40}},"53":{"start":{"line":88,"column":8},"end":{"line":94,"column":11}},"54":{"start":{"line":95,"column":8},"end":{"line":95,"column":31}},"55":{"start":{"line":96,"column":8},"end":{"line":96,"column":24}},"56":{"start":{"line":97,"column":8},"end":{"line":97,"column":21}},"57":{"start":{"line":101,"column":8},"end":{"line":101,"column":26}},"58":{"start":{"line":101,"column":19},"end":{"line":101,"column":26}},"59":{"start":{"line":102,"column":20},"end":{"line":102,"column":45}},"60":{"start":{"line":103,"column":33},"end":{"line":103,"column":53}},"61":{"start":{"line":104,"column":28},"end":{"line":104,"column":73}},"62":{"start":{"line":105,"column":21},"end":{"line":105,"column":57}},"63":{"start":{"line":106,"column":31},"end":{"line":106,"column":64}},"64":{"start":{"line":107,"column":26},"end":{"line":107,"column":116}},"65":{"start":{"line":107,"column":90},"end":{"line":107,"column":115}},"66":{"start":{"line":108,"column":8},"end":{"line":108,"column":30}},"67":{"start":{"line":108,"column":23},"end":{"line":108,"column":30}},"68":{"start":{"line":110,"column":23},"end":{"line":110,"column":44}},"69":{"start":{"line":111,"column":8},"end":{"line":116,"column":9}},"70":{"start":{"line":112,"column":12},"end":{"line":112,"column":34}},"71":{"start":{"line":113,"column":15},"end":{"line":116,"column":9}},"72":{"start":{"line":115,"column":12},"end":{"line":115,"column":34}},"73":{"start":{"line":118,"column":8},"end":{"line":118,"column":60}},"74":{"start":{"line":119,"column":8},"end":{"line":119,"column":21}},"75":{"start":{"line":123,"column":25},"end":{"line":123,"column":76}},"76":{"start":{"line":124,"column":32},"end":{"line":124,"column":80}},"77":{"start":{"line":125,"column":27},"end":{"line":125,"column":54}},"78":{"start":{"line":126,"column":31},"end":{"line":126,"column":69}},"79":{"start":{"line":127,"column":28},"end":{"line":133,"column":31}},"80":{"start":{"line":134,"column":8},"end":{"line":163,"column":10}},"81":{"start":{"line":147,"column":103},"end":{"line":147,"column":120}},"82":{"start":{"line":152,"column":45},"end":{"line":152,"column":86}},"83":{"start":{"line":152,"column":66},"end":{"line":152,"column":86}},"84":{"start":{"line":166,"column":4},"end":{"line":195,"column":6}},"85":{"start":{"line":170,"column":74},"end":{"line":170,"column":95}},"86":{"start":{"line":175,"column":54},"end":{"line":175,"column":58}},"87":{"start":{"line":175,"column":114},"end":{"line":175,"column":144}},"88":{"start":{"line":184,"column":105},"end":{"line":184,"column":128}},"89":{"start":{"line":184,"column":129},"end":{"line":184,"column":145}},"90":{"start":{"line":198,"column":15},"end":{"line":214,"column":2}}},"fnMap":{"0":{"name":"RulesScreen","decl":{"start":{"line":18,"column":24},"end":{"line":18,"column":35}},"loc":{"start":{"line":18,"column":38},"end":{"line":196,"column":1}},"line":18},"1":{"name":"(anonymous_1)","decl":{"start":{"line":25,"column":14},"end":{"line":25,"column":15}},"loc":{"start":{"line":25,"column":20},"end":{"line":27,"column":5}},"line":25},"2":{"name":"fetchRules","decl":{"start":{"line":29,"column":19},"end":{"line":29,"column":29}},"loc":{"start":{"line":29,"column":32},"end":{"line":66,"column":5}},"line":29},"3":{"name":"(anonymous_3)","decl":{"start":{"line":33,"column":46},"end":{"line":33,"column":47}},"loc":{"start":{"line":33,"column":52},"end":{"line":33,"column":86}},"line":33},"4":{"name":"(anonymous_4)","decl":{"start":{"line":35,"column":17},"end":{"line":35,"column":18}},"loc":{"start":{"line":35,"column":27},"end":{"line":41,"column":9}},"line":35},"5":{"name":"(anonymous_5)","decl":{"start":{"line":47,"column":40},"end":{"line":47,"column":41}},"loc":{"start":{"line":47,"column":55},"end":{"line":47,"column":98}},"line":47},"6":{"name":"(anonymous_6)","decl":{"start":{"line":52,"column":55},"end":{"line":52,"column":56}},"loc":{"start":{"line":52,"column":68},"end":{"line":59,"column":13}},"line":52},"7":{"name":"cleanupOldProposals","decl":{"start":{"line":68,"column":19},"end":{"line":68,"column":38}},"loc":{"start":{"line":68,"column":52},"end":{"line":81,"column":5}},"line":68},"8":{"name":"proposeRule","decl":{"start":{"line":83,"column":19},"end":{"line":83,"column":30}},"loc":{"start":{"line":83,"column":33},"end":{"line":98,"column":5}},"line":83},"9":{"name":"toggleApprove","decl":{"start":{"line":100,"column":19},"end":{"line":100,"column":32}},"loc":{"start":{"line":100,"column":48},"end":{"line":120,"column":5}},"line":100},"10":{"name":"(anonymous_10)","decl":{"start":{"line":107,"column":80},"end":{"line":107,"column":81}},"loc":{"start":{"line":107,"column":90},"end":{"line":107,"column":115}},"line":107},"11":{"name":"renderRule","decl":{"start":{"line":122,"column":13},"end":{"line":122,"column":23}},"loc":{"start":{"line":122,"column":53},"end":{"line":164,"column":5}},"line":122},"12":{"name":"(anonymous_12)","decl":{"start":{"line":147,"column":98},"end":{"line":147,"column":99}},"loc":{"start":{"line":147,"column":103},"end":{"line":147,"column":120}},"line":147},"13":{"name":"(anonymous_13)","decl":{"start":{"line":152,"column":37},"end":{"line":152,"column":38}},"loc":{"start":{"line":152,"column":43},"end":{"line":152,"column":88}},"line":152},"14":{"name":"(anonymous_14)","decl":{"start":{"line":170,"column":68},"end":{"line":170,"column":69}},"loc":{"start":{"line":170,"column":74},"end":{"line":170,"column":95}},"line":170},"15":{"name":"(anonymous_15)","decl":{"start":{"line":175,"column":49},"end":{"line":175,"column":50}},"loc":{"start":{"line":175,"column":54},"end":{"line":175,"column":58}},"line":175},"16":{"name":"(anonymous_16)","decl":{"start":{"line":175,"column":108},"end":{"line":175,"column":109}},"loc":{"start":{"line":175,"column":114},"end":{"line":175,"column":144}},"line":175},"17":{"name":"(anonymous_17)","decl":{"start":{"line":184,"column":97},"end":{"line":184,"column":98}},"loc":{"start":{"line":184,"column":103},"end":{"line":184,"column":147}},"line":184}},"branchMap":{"0":{"loc":{"start":{"line":38,"column":12},"end":{"line":38,"column":53}},"type":"if","locations":[{"start":{"line":38,"column":12},"end":{"line":38,"column":53}},{"start":{},"end":{}}],"line":38},"1":{"loc":{"start":{"line":38,"column":16},"end":{"line":38,"column":41}},"type":"binary-expr","locations":[{"start":{"line":38,"column":16},"end":{"line":38,"column":26}},{"start":{"line":38,"column":30},"end":{"line":38,"column":41}}],"line":38},"2":{"loc":{"start":{"line":39,"column":12},"end":{"line":39,"column":52}},"type":"if","locations":[{"start":{"line":39,"column":12},"end":{"line":39,"column":52}},{"start":{},"end":{}}],"line":39},"3":{"loc":{"start":{"line":39,"column":16},"end":{"line":39,"column":41}},"type":"binary-expr","locations":[{"start":{"line":39,"column":16},"end":{"line":39,"column":27}},{"start":{"line":39,"column":31},"end":{"line":39,"column":41}}],"line":39},"4":{"loc":{"start":{"line":46,"column":12},"end":{"line":46,"column":72}},"type":"if","locations":[{"start":{"line":46,"column":12},"end":{"line":46,"column":72}},{"start":{},"end":{}}],"line":46},"5":{"loc":{"start":{"line":46,"column":16},"end":{"line":46,"column":49}},"type":"binary-expr","locations":[{"start":{"line":46,"column":16},"end":{"line":46,"column":24}},{"start":{"line":46,"column":28},"end":{"line":46,"column":49}}],"line":46},"6":{"loc":{"start":{"line":47,"column":13},"end":{"line":47,"column":30}},"type":"binary-expr","locations":[{"start":{"line":47,"column":13},"end":{"line":47,"column":24}},{"start":{"line":47,"column":28},"end":{"line":47,"column":30}}],"line":47},"7":{"loc":{"start":{"line":47,"column":57},"end":{"line":47,"column":96}},"type":"if","locations":[{"start":{"line":47,"column":57},"end":{"line":47,"column":96}},{"start":{},"end":{}}],"line":47},"8":{"loc":{"start":{"line":47,"column":61},"end":{"line":47,"column":80}},"type":"binary-expr","locations":[{"start":{"line":47,"column":61},"end":{"line":47,"column":62}},{"start":{"line":47,"column":66},"end":{"line":47,"column":80}}],"line":47},"9":{"loc":{"start":{"line":50,"column":8},"end":{"line":63,"column":9}},"type":"if","locations":[{"start":{"line":50,"column":8},"end":{"line":63,"column":9}},{"start":{},"end":{}}],"line":50},"10":{"loc":{"start":{"line":55,"column":33},"end":{"line":55,"column":54}},"type":"binary-expr","locations":[{"start":{"line":55,"column":33},"end":{"line":55,"column":47}},{"start":{"line":55,"column":51},"end":{"line":55,"column":54}}],"line":55},"11":{"loc":{"start":{"line":73,"column":34},"end":{"line":73,"column":55}},"type":"binary-expr","locations":[{"start":{"line":73,"column":34},"end":{"line":73,"column":49}},{"start":{"line":73,"column":53},"end":{"line":73,"column":55}}],"line":73},"12":{"loc":{"start":{"line":74,"column":16},"end":{"line":76,"column":17}},"type":"if","locations":[{"start":{"line":74,"column":16},"end":{"line":76,"column":17}},{"start":{},"end":{}}],"line":74},"13":{"loc":{"start":{"line":84,"column":8},"end":{"line":84,"column":26}},"type":"if","locations":[{"start":{"line":84,"column":8},"end":{"line":84,"column":26}},{"start":{},"end":{}}],"line":84},"14":{"loc":{"start":{"line":85,"column":8},"end":{"line":85,"column":37}},"type":"if","locations":[{"start":{"line":85,"column":8},"end":{"line":85,"column":37}},{"start":{},"end":{}}],"line":85},"15":{"loc":{"start":{"line":101,"column":8},"end":{"line":101,"column":26}},"type":"if","locations":[{"start":{"line":101,"column":8},"end":{"line":101,"column":26}},{"start":{},"end":{}}],"line":101},"16":{"loc":{"start":{"line":103,"column":33},"end":{"line":103,"column":53}},"type":"binary-expr","locations":[{"start":{"line":103,"column":33},"end":{"line":103,"column":47}},{"start":{"line":103,"column":51},"end":{"line":103,"column":53}}],"line":103},"17":{"loc":{"start":{"line":107,"column":26},"end":{"line":107,"column":116}},"type":"binary-expr","locations":[{"start":{"line":107,"column":26},"end":{"line":107,"column":65}},{"start":{"line":107,"column":69},"end":{"line":107,"column":116}}],"line":107},"18":{"loc":{"start":{"line":108,"column":8},"end":{"line":108,"column":30}},"type":"if","locations":[{"start":{"line":108,"column":8},"end":{"line":108,"column":30}},{"start":{},"end":{}}],"line":108},"19":{"loc":{"start":{"line":110,"column":23},"end":{"line":110,"column":44}},"type":"binary-expr","locations":[{"start":{"line":110,"column":23},"end":{"line":110,"column":36}},{"start":{"line":110,"column":40},"end":{"line":110,"column":44}}],"line":110},"20":{"loc":{"start":{"line":111,"column":8},"end":{"line":116,"column":9}},"type":"if","locations":[{"start":{"line":111,"column":8},"end":{"line":116,"column":9}},{"start":{"line":113,"column":15},"end":{"line":116,"column":9}}],"line":111},"21":{"loc":{"start":{"line":111,"column":12},"end":{"line":111,"column":42}},"type":"binary-expr","locations":[{"start":{"line":111,"column":12},"end":{"line":111,"column":24}},{"start":{"line":111,"column":28},"end":{"line":111,"column":42}}],"line":111},"22":{"loc":{"start":{"line":113,"column":15},"end":{"line":116,"column":9}},"type":"if","locations":[{"start":{"line":113,"column":15},"end":{"line":116,"column":9}},{"start":{},"end":{}}],"line":113},"23":{"loc":{"start":{"line":113,"column":19},"end":{"line":113,"column":43}},"type":"binary-expr","locations":[{"start":{"line":113,"column":19},"end":{"line":113,"column":30}},{"start":{"line":113,"column":34},"end":{"line":113,"column":43}}],"line":113},"24":{"loc":{"start":{"line":123,"column":26},"end":{"line":123,"column":46}},"type":"binary-expr","locations":[{"start":{"line":123,"column":26},"end":{"line":123,"column":40}},{"start":{"line":123,"column":44},"end":{"line":123,"column":46}}],"line":123},"25":{"loc":{"start":{"line":124,"column":33},"end":{"line":124,"column":53}},"type":"binary-expr","locations":[{"start":{"line":124,"column":33},"end":{"line":124,"column":47}},{"start":{"line":124,"column":51},"end":{"line":124,"column":53}}],"line":124},"26":{"loc":{"start":{"line":124,"column":64},"end":{"line":124,"column":79}},"type":"binary-expr","locations":[{"start":{"line":124,"column":64},"end":{"line":124,"column":73}},{"start":{"line":124,"column":77},"end":{"line":124,"column":79}}],"line":124},"27":{"loc":{"start":{"line":125,"column":27},"end":{"line":125,"column":54}},"type":"binary-expr","locations":[{"start":{"line":125,"column":27},"end":{"line":125,"column":35}},{"start":{"line":125,"column":39},"end":{"line":125,"column":54}}],"line":125},"28":{"loc":{"start":{"line":126,"column":31},"end":{"line":126,"column":69}},"type":"binary-expr","locations":[{"start":{"line":126,"column":31},"end":{"line":126,"column":55}},{"start":{"line":126,"column":59},"end":{"line":126,"column":69}}],"line":126},"29":{"loc":{"start":{"line":127,"column":28},"end":{"line":133,"column":31}},"type":"cond-expr","locations":[{"start":{"line":128,"column":14},"end":{"line":128,"column":17}},{"start":{"line":129,"column":14},"end":{"line":133,"column":31}}],"line":127},"30":{"loc":{"start":{"line":129,"column":14},"end":{"line":133,"column":31}},"type":"cond-expr","locations":[{"start":{"line":130,"column":18},"end":{"line":130,"column":26}},{"start":{"line":131,"column":18},"end":{"line":133,"column":31}}],"line":129},"31":{"loc":{"start":{"line":131,"column":18},"end":{"line":133,"column":31}},"type":"cond-expr","locations":[{"start":{"line":132,"column":22},"end":{"line":132,"column":33}},{"start":{"line":133,"column":22},"end":{"line":133,"column":31}}],"line":131},"32":{"loc":{"start":{"line":138,"column":67},"end":{"line":138,"column":176}},"type":"cond-expr","locations":[{"start":{"line":138,"column":94},"end":{"line":138,"column":119}},{"start":{"line":138,"column":122},"end":{"line":138,"column":176}}],"line":138},"33":{"loc":{"start":{"line":138,"column":137},"end":{"line":138,"column":174}},"type":"binary-expr","locations":[{"start":{"line":138,"column":137},"end":{"line":138,"column":159}},{"start":{"line":138,"column":163},"end":{"line":138,"column":174}}],"line":138},"34":{"loc":{"start":{"line":141,"column":21},"end":{"line":141,"column":83}},"type":"binary-expr","locations":[{"start":{"line":141,"column":21},"end":{"line":141,"column":29}},{"start":{"line":141,"column":33},"end":{"line":141,"column":83}}],"line":141},"35":{"loc":{"start":{"line":142,"column":21},"end":{"line":144,"column":28}},"type":"cond-expr","locations":[{"start":{"line":143,"column":24},"end":{"line":143,"column":178}},{"start":{"line":144,"column":24},"end":{"line":144,"column":28}}],"line":142},"36":{"loc":{"start":{"line":143,"column":87},"end":{"line":143,"column":148}},"type":"cond-expr","locations":[{"start":{"line":143,"column":110},"end":{"line":143,"column":132}},{"start":{"line":143,"column":135},"end":{"line":143,"column":148}}],"line":143},"37":{"loc":{"start":{"line":145,"column":68},"end":{"line":145,"column":88}},"type":"binary-expr","locations":[{"start":{"line":145,"column":68},"end":{"line":145,"column":82}},{"start":{"line":145,"column":86},"end":{"line":145,"column":88}}],"line":145},"38":{"loc":{"start":{"line":146,"column":21},"end":{"line":148,"column":21}},"type":"binary-expr","locations":[{"start":{"line":146,"column":21},"end":{"line":146,"column":54}},{"start":{"line":147,"column":24},"end":{"line":147,"column":140}}],"line":146},"39":{"loc":{"start":{"line":146,"column":22},"end":{"line":146,"column":42}},"type":"binary-expr","locations":[{"start":{"line":146,"column":22},"end":{"line":146,"column":36}},{"start":{"line":146,"column":40},"end":{"line":146,"column":42}}],"line":146},"40":{"loc":{"start":{"line":147,"column":72},"end":{"line":147,"column":92}},"type":"binary-expr","locations":[{"start":{"line":147,"column":72},"end":{"line":147,"column":86}},{"start":{"line":147,"column":90},"end":{"line":147,"column":92}}],"line":147},"41":{"loc":{"start":{"line":147,"column":103},"end":{"line":147,"column":120}},"type":"binary-expr","locations":[{"start":{"line":147,"column":103},"end":{"line":147,"column":115}},{"start":{"line":147,"column":119},"end":{"line":147,"column":120}}],"line":147},"42":{"loc":{"start":{"line":149,"column":21},"end":{"line":160,"column":21}},"type":"cond-expr","locations":[{"start":{"line":150,"column":24},"end":{"line":155,"column":43}},{"start":{"line":157,"column":24},"end":{"line":159,"column":31}}],"line":149},"43":{"loc":{"start":{"line":151,"column":58},"end":{"line":151,"column":110}},"type":"cond-expr","locations":[{"start":{"line":151,"column":75},"end":{"line":151,"column":103}},{"start":{"line":151,"column":106},"end":{"line":151,"column":110}}],"line":151},"44":{"loc":{"start":{"line":152,"column":45},"end":{"line":152,"column":86}},"type":"if","locations":[{"start":{"line":152,"column":45},"end":{"line":152,"column":86}},{"start":{},"end":{}}],"line":152},"45":{"loc":{"start":{"line":203,"column":119},"end":{"line":203,"column":305}},"type":"cond-expr","locations":[{"start":{"line":203,"column":143},"end":{"line":203,"column":187}},{"start":{"line":203,"column":190},"end":{"line":203,"column":305}}],"line":203}},"s":{"0":0,"1":0,"2":0,"3":0,"4":0,"5":0,"6":0,"7":0,"8":0,"9":0,"10":0,"11":0,"12":0,"13":0,"14":0,"15":0,"16":0,"17":0,"18":0,"19":0,"20":0,"21":0,"22":0,"23":0,"24":0,"25":0,"26":0,"27":0,"28":0,"29":0,"30":0,"31":0,"32":0,"33":0,"34":0,"35":0,"36":0,"37":0,"38":0,"39":0,"40":0,"41":0,"42":0,"43":0,"44":0,"45":0,"46":0,"47":0,"48":0,"49":0,"50":0,"51":0,"52":0,"53":0,"54":0,"55":0,"56":0,"57":0,"58":0,"59":0,"60":0,"61":0,"62":0,"63":0,"64":0,"65":0,"66":0,"67":0,"68":0,"69":0,"70":0,"71":0,"72":0,"73":0,"74":0,"75":0,"76":0,"77":0,"78":0,"79":0,"80":0,"81":0,"82":0,"83":0,"84":0,"85":0,"86":0,"87":0,"88":0,"89":0,"90":0},"f":{"0":0,"1":0,"2":0,"3":0,"4":0,"5":0,"6":0,"7":0,"8":0,"9":0,"10":0,"11":0,"12":0,"13":0,"14":0,"15":0,"16":0,"17":0},"b":{"0":[0,0],"1":[0,0],"2":[0,0],"3":[0,0],"4":[0,0],"5":[0,0],"6":[0,0],"7":[0,0],"8":[0,0],"9":[0,0],"10":[0,0],"11":[0,0],"12":[0,0],"13":[0,0],"14":[0,0],"15":[0,0],"16":[0,0],"17":[0,0],"18":[0,0],"19":[0,0],"20":[0,0],"21":[0,0],"22":[0,0],"23":[0,0],"24":[0,0],"25":[0,0],"26":[0,0],"27":[0,0],"28":[0,0],"29":[0,0],"30":[0,0],"31":[0,0],"32":[0,0],"33":[0,0],"34":[0,0],"35":[0,0],"36":[0,0],"37":[0,0],"38":[0,0],"39":[0,0],"40":[0,0],"41":[0,0],"42":[0,0],"43":[0,0],"44":[0,0],"45":[0,0]}}
,"/Users/jacob/core-four-score/app/(tabs)/stats.tsx": {"path":"/Users/jacob/core-four-score/app/(tabs)/stats.tsx","statementMap":{"0":{"start":{"line":9,"column":22},"end":{"line":9,"column":37}},"1":{"start":{"line":13,"column":15},"end":{"line":13,"column":26}},"2":{"start":{"line":14,"column":4},"end":{"line":14,"column":28}},"3":{"start":{"line":15,"column":4},"end":{"line":15,"column":14}},"4":{"start":{"line":19,"column":45},"end":{"line":19,"column":47}},"5":{"start":{"line":20,"column":14},"end":{"line":20,"column":15}},"6":{"start":{"line":21,"column":4},"end":{"line":25,"column":5}},"7":{"start":{"line":22,"column":20},"end":{"line":22,"column":38}},"8":{"start":{"line":23,"column":8},"end":{"line":23,"column":42}},"9":{"start":{"line":24,"column":8},"end":{"line":24,"column":45}},"10":{"start":{"line":26,"column":4},"end":{"line":26,"column":18}},"11":{"start":{"line":30,"column":16},"end":{"line":30,"column":33}},"12":{"start":{"line":31,"column":4},"end":{"line":31,"column":55}},"13":{"start":{"line":31,"column":27},"end":{"line":31,"column":55}},"14":{"start":{"line":32,"column":4},"end":{"line":32,"column":73}},"15":{"start":{"line":32,"column":42},"end":{"line":32,"column":47}},"16":{"start":{"line":32,"column":59},"end":{"line":32,"column":71}},"17":{"start":{"line":36,"column":21},"end":{"line":36,"column":30}},"18":{"start":{"line":37,"column":34},"end":{"line":37,"column":48}},"19":{"start":{"line":38,"column":34},"end":{"line":38,"column":54}},"20":{"start":{"line":39,"column":30},"end":{"line":39,"column":50}},"21":{"start":{"line":40,"column":32},"end":{"line":40,"column":53}},"22":{"start":{"line":42,"column":4},"end":{"line":66,"column":15}},"23":{"start":{"line":43,"column":8},"end":{"line":65,"column":13}},"24":{"start":{"line":44,"column":12},"end":{"line":44,"column":30}},"25":{"start":{"line":44,"column":23},"end":{"line":44,"column":30}},"26":{"start":{"line":45,"column":12},"end":{"line":64,"column":13}},"27":{"start":{"line":46,"column":16},"end":{"line":46,"column":33}},"28":{"start":{"line":47,"column":34},"end":{"line":51,"column":18}},"29":{"start":{"line":52,"column":16},"end":{"line":52,"column":30}},"30":{"start":{"line":53,"column":16},"end":{"line":53,"column":28}},"31":{"start":{"line":55,"column":34},"end":{"line":55,"column":60}},"32":{"start":{"line":55,"column":53},"end":{"line":55,"column":58}},"33":{"start":{"line":56,"column":39},"end":{"line":56,"column":79}},"34":{"start":{"line":56,"column":53},"end":{"line":56,"column":78}},"35":{"start":{"line":58,"column":16},"end":{"line":58,"column":93}},"36":{"start":{"line":58,"column":46},"end":{"line":58,"column":91}},"37":{"start":{"line":59,"column":16},"end":{"line":59,"column":42}},"38":{"start":{"line":61,"column":16},"end":{"line":61,"column":59}},"39":{"start":{"line":63,"column":16},"end":{"line":63,"column":34}},"40":{"start":{"line":68,"column":23},"end":{"line":84,"column":24}},"41":{"start":{"line":69,"column":8},"end":{"line":69,"column":110}},"42":{"start":{"line":69,"column":56},"end":{"line":69,"column":110}},"43":{"start":{"line":70,"column":25},"end":{"line":70,"column":79}},"44":{"start":{"line":70,"column":66},"end":{"line":70,"column":77}},"45":{"start":{"line":72,"column":65},"end":{"line":72,"column":67}},"46":{"start":{"line":73,"column":8},"end":{"line":82,"column":9}},"47":{"start":{"line":74,"column":27},"end":{"line":74,"column":52}},"48":{"start":{"line":75,"column":12},"end":{"line":80,"column":13}},"49":{"start":{"line":76,"column":30},"end":{"line":76,"column":58}},"50":{"start":{"line":77,"column":36},"end":{"line":77,"column":65}},"51":{"start":{"line":77,"column":54},"end":{"line":77,"column":64}},"52":{"start":{"line":78,"column":31},"end":{"line":78,"column":83}},"53":{"start":{"line":79,"column":16},"end":{"line":79,"column":76}},"54":{"start":{"line":79,"column":28},"end":{"line":79,"column":76}},"55":{"start":{"line":81,"column":12},"end":{"line":81,"column":73}},"56":{"start":{"line":83,"column":8},"end":{"line":83,"column":22}},"57":{"start":{"line":86,"column":25},"end":{"line":100,"column":25}},"58":{"start":{"line":87,"column":8},"end":{"line":87,"column":111}},"59":{"start":{"line":87,"column":57},"end":{"line":87,"column":111}},"60":{"start":{"line":88,"column":25},"end":{"line":88,"column":80}},"61":{"start":{"line":88,"column":67},"end":{"line":88,"column":78}},"62":{"start":{"line":90,"column":65},"end":{"line":90,"column":67}},"63":{"start":{"line":91,"column":8},"end":{"line":98,"column":9}},"64":{"start":{"line":92,"column":27},"end":{"line":92,"column":52}},"65":{"start":{"line":93,"column":12},"end":{"line":96,"column":13}},"66":{"start":{"line":94,"column":30},"end":{"line":94,"column":58}},"67":{"start":{"line":95,"column":16},"end":{"line":95,"column":95}},"68":{"start":{"line":95,"column":47},"end":{"line":95,"column":95}},"69":{"start":{"line":97,"column":12},"end":{"line":97,"column":73}},"70":{"start":{"line":99,"column":8},"end":{"line":99,"column":22}},"71":{"start":{"line":102,"column":25},"end":{"line":107,"column":17}},"72":{"start":{"line":103,"column":24},"end":{"line":103,"column":112}},"73":{"start":{"line":104,"column":44},"end":{"line":104,"column":46}},"74":{"start":{"line":105,"column":8},"end":{"line":105,"column":85}},"75":{"start":{"line":105,"column":38},"end":{"line":105,"column":81}},"76":{"start":{"line":106,"column":8},"end":{"line":106,"column":19}},"77":{"start":{"line":109,"column":4},"end":{"line":115,"column":5}},"78":{"start":{"line":110,"column":8},"end":{"line":114,"column":10}},"79":{"start":{"line":117,"column":4},"end":{"line":171,"column":6}},"80":{"start":{"line":127,"column":56},"end":{"line":127,"column":88}},"81":{"start":{"line":130,"column":28},"end":{"line":134,"column":30}},"82":{"start":{"line":139,"column":52},"end":{"line":139,"column":114}},"83":{"start":{"line":153,"column":56},"end":{"line":153,"column":88}},"84":{"start":{"line":156,"column":28},"end":{"line":160,"column":30}},"85":{"start":{"line":165,"column":52},"end":{"line":165,"column":114}},"86":{"start":{"line":174,"column":15},"end":{"line":181,"column":2}}},"fnMap":{"0":{"name":"toDay","decl":{"start":{"line":12,"column":9},"end":{"line":12,"column":14}},"loc":{"start":{"line":12,"column":30},"end":{"line":16,"column":1}},"line":12},"1":{"name":"buildCumulativeSeries","decl":{"start":{"line":18,"column":9},"end":{"line":18,"column":30}},"loc":{"start":{"line":18,"column":81},"end":{"line":27,"column":1}},"line":18},"2":{"name":"uniqueSortedDaysFromDates","decl":{"start":{"line":29,"column":9},"end":{"line":29,"column":34}},"loc":{"start":{"line":29,"column":58},"end":{"line":33,"column":1}},"line":29},"3":{"name":"(anonymous_3)","decl":{"start":{"line":32,"column":32},"end":{"line":32,"column":33}},"loc":{"start":{"line":32,"column":42},"end":{"line":32,"column":47}},"line":32},"4":{"name":"(anonymous_4)","decl":{"start":{"line":32,"column":53},"end":{"line":32,"column":54}},"loc":{"start":{"line":32,"column":59},"end":{"line":32,"column":71}},"line":32},"5":{"name":"StatsScreen","decl":{"start":{"line":35,"column":24},"end":{"line":35,"column":35}},"loc":{"start":{"line":35,"column":38},"end":{"line":172,"column":1}},"line":35},"6":{"name":"(anonymous_6)","decl":{"start":{"line":42,"column":14},"end":{"line":42,"column":15}},"loc":{"start":{"line":42,"column":20},"end":{"line":66,"column":5}},"line":42},"7":{"name":"(anonymous_7)","decl":{"start":{"line":43,"column":9},"end":{"line":43,"column":10}},"loc":{"start":{"line":43,"column":21},"end":{"line":65,"column":9}},"line":43},"8":{"name":"(anonymous_8)","decl":{"start":{"line":55,"column":48},"end":{"line":55,"column":49}},"loc":{"start":{"line":55,"column":53},"end":{"line":55,"column":58}},"line":55},"9":{"name":"(anonymous_9)","decl":{"start":{"line":56,"column":48},"end":{"line":56,"column":49}},"loc":{"start":{"line":56,"column":53},"end":{"line":56,"column":78}},"line":56},"10":{"name":"(anonymous_10)","decl":{"start":{"line":58,"column":36},"end":{"line":58,"column":37}},"loc":{"start":{"line":58,"column":46},"end":{"line":58,"column":91}},"line":58},"11":{"name":"(anonymous_11)","decl":{"start":{"line":68,"column":31},"end":{"line":68,"column":32}},"loc":{"start":{"line":68,"column":37},"end":{"line":84,"column":5}},"line":68},"12":{"name":"(anonymous_12)","decl":{"start":{"line":70,"column":61},"end":{"line":70,"column":62}},"loc":{"start":{"line":70,"column":66},"end":{"line":70,"column":77}},"line":70},"13":{"name":"(anonymous_13)","decl":{"start":{"line":77,"column":49},"end":{"line":77,"column":50}},"loc":{"start":{"line":77,"column":54},"end":{"line":77,"column":64}},"line":77},"14":{"name":"(anonymous_14)","decl":{"start":{"line":86,"column":33},"end":{"line":86,"column":34}},"loc":{"start":{"line":86,"column":39},"end":{"line":100,"column":5}},"line":86},"15":{"name":"(anonymous_15)","decl":{"start":{"line":88,"column":62},"end":{"line":88,"column":63}},"loc":{"start":{"line":88,"column":67},"end":{"line":88,"column":78}},"line":88},"16":{"name":"(anonymous_16)","decl":{"start":{"line":102,"column":33},"end":{"line":102,"column":34}},"loc":{"start":{"line":102,"column":39},"end":{"line":107,"column":5}},"line":102},"17":{"name":"(anonymous_17)","decl":{"start":{"line":105,"column":24},"end":{"line":105,"column":25}},"loc":{"start":{"line":105,"column":36},"end":{"line":105,"column":83}},"line":105},"18":{"name":"(anonymous_1
[...]
art":{"line":49,"column":4},"end":{"line":49,"column":5}},"loc":{"start":{"line":49,"column":90},"end":{"line":58,"column":5}},"line":49},"3":{"name":"(anonymous_3)","decl":{"start":{"line":60,"column":4},"end":{"line":60,"column":5}},"loc":{"start":{"line":60,"column":79},"end":{"line":120,"column":5}},"line":60},"4":{"name":"(anonymous_4)","decl":{"start":{"line":79,"column":40},"end":{"line":79,"column":41}},"loc":{"start":{"line":79,"column":55},"end":{"line":79,"column":84}},"line":79},"5":{"name":"(anonymous_5)","decl":{"start":{"line":85,"column":50},"end":{"line":85,"column":51}},"loc":{"start":{"line":85,"column":65},"end":{"line":85,"column":78}},"line":85},"6":{"name":"(anonymous_6)","decl":{"start":{"line":88,"column":54},"end":{"line":88,"column":55}},"loc":{"start":{"line":88,"column":66},"end":{"line":88,"column":93}},"line":88},"7":{"name":"(anonymous_7)","decl":{"start":{"line":90,"column":56},"end":{"line":90,"column":57}},"loc":{"start":{"line":90,"column":68},"end":{"line":90,"column":75}},"line":90},"8":{"name":"(anonymous_8)","decl":{"start":{"line":92,"column":61},"end":{"line":92,"column":62}},"loc":{"start":{"line":92,"column":73},"end":{"line":92,"column":88}},"line":92}},"branchMap":{"0":{"loc":{"start":{"line":17,"column":8},"end":{"line":17,"column":43}},"type":"if","locations":[{"start":{"line":17,"column":8},"end":{"line":17,"column":43}},{"start":{},"end":{}}],"line":17},"1":{"loc":{"start":{"line":54,"column":8},"end":{"line":54,"column":79}},"type":"if","locations":[{"start":{"line":54,"column":8},"end":{"line":54,"column":79}},{"start":{},"end":{}}],"line":54},"2":{"loc":{"start":{"line":55,"column":8},"end":{"line":55,"column":70}},"type":"if","locations":[{"start":{"line":55,"column":8},"end":{"line":55,"column":70}},{"start":{},"end":{}}],"line":55},"3":{"loc":{"start":{"line":64,"column":8},"end":{"line":66,"column":9}},"type":"if","locations":[{"start":{"line":64,"column":8},"end":{"line":66,"column":9}},{"start":{},"end":{}}],"line":64},"4":{"loc":{"start":{"line":76,"column":26},"end":{"line":76,"column":46}},"type":"binary-expr","locations":[{"start":{"line":76,"column":26},"end":{"line":76,"column":40}},{"start":{"line":76,"column":44},"end":{"line":76,"column":46}}],"line":76},"5":{"loc":{"start":{"line":81,"column":12},"end":{"line":101,"column":13}},"type":"if","locations":[{"start":{"line":81,"column":12},"end":{"line":101,"column":13}},{"start":{},"end":{}}],"line":81},"6":{"loc":{"start":{"line":87,"column":16},"end":{"line":97,"column":17}},"type":"if","locations":[{"start":{"line":87,"column":16},"end":{"line":97,"column":17}},{"start":{},"end":{}}],"line":87},"7":{"loc":{"start":{"line":89,"column":20},"end":{"line":96,"column":21}},"type":"if","locations":[{"start":{"line":89,"column":20},"end":{"line":96,"column":21}},{"start":{},"end":{}}],"line":89},"8":{"loc":{"start":{"line":93,"column":24},"end":{"line":95,"column":25}},"type":"if","locations":[{"start":{"line":93,"column":24},"end":{"line":95,"column":25}},{"start":{},"end":{}}],"line":93},"9":{"loc":{"start":{"line":99,"column":30},"end":{"line":99,"column":122}},"type":"binary-expr","locations":[{"start":{"line":99,"column":30},"end":{"line":99,"column":43}},{"start":{"line":99,"column":47},"end":{"line":99,"column":83}},{"start":{"line":99,"column":87},"end":{"line":99,"column":122}}],"line":99},"10":{"loc":{"start":{"line":100,"column":16},"end":{"line":100,"column":34}},"type":"if","locations":[{"start":{"line":100,"column":16},"end":{"line":100,"column":34}},{"start":{},"end":{}}],"line":100},"11":{"loc":{"start":{"line":108,"column":8},"end":{"line":114,"column":9}},"type":"if","locations":[{"start":{"line":108,"column":8},"end":{"line":114,"column":9}},{"start":{},"end":{}}],"line":108}},"s":{"0":4,"1":8,"2":8,"3":1,"4":7,"5":7,"6":1,"7":1,"8":1,"9":1,"10":1,"11":1,"12":1,"13":1,"14":1,"15":13,"16":13,"17":12,"18":13,"19":13,"20":13,"21":13,"22":40,"23":40,"24":40,"25":60,"26":40,"27":34,"28":34,"29":45,"30":34,"31":0,"32":0,"33":0,"34":0,"35":0,"36":0,"37":0,"38":0,"39":0,"40":0,"41":34,"42":34,"43":17,"44":13,"45":13,"46":12,"47":13,"48":13,"49":13},"f":{"0":8,"1":1,"2":1,"3":13,"4":60,"5":45,"6":0,"7":0,"8":0},"b":{"0":[1,7],"1":[1,0],"2":[1,0],"3":[12,1],"4":[40,0],"5":[34,6],"6":[0,34],"7":[0,0],"8":[0,0],"9":[34,34,34],"10":[17,17],"11":[12,1]},"_coverageSchema":"1a1c01bbd47fc00a2c39e90264f33305004495a9","hash":"fe23803548bbf90de8619d6976e369856522ae40"}
,"/Users/jacob/core-four-score/types/index.ts": {"path":"/Users/jacob/core-four-score/types/index.ts","statementMap":{},"fnMap":{},"branchMap":{},"s":{},"f":{},"b":{}}
,"/Users/jacob/core-four-score/utils/helpers.ts": {"path":"/Users/jacob/core-four-score/utils/helpers.ts","statementMap":{"0":{"start":{"line":9,"column":38},"end":{"line":12,"column":1}},"1":{"start":{"line":10,"column":4},"end":{"line":10,"column":36}},"2":{"start":{"line":10,"column":27},"end":{"line":10,"column":36}},"3":{"start":{"line":11,"column":4},"end":{"line":11,"column":38}},"4":{"start":{"line":19,"column":28},"end":{"line":26,"column":1}},"5":{"start":{"line":20,"column":21},"end":{"line":20,"column":31}},"6":{"start":{"line":21,"column":4},"end":{"line":24,"column":5}},"7":{"start":{"line":21,"column":17},"end":{"line":21,"column":36}},"8":{"start":{"line":22,"column":18},"end":{"line":22,"column":53}},"9":{"start":{"line":23,"column":8},"end":{"line":23,"column":64}},"10":{"start":{"line":25,"column":4},"end":{"line":25,"column":20}},"11":{"start":{"line":33,"column":29},"end":{"line":49,"column":1}},"12":{"start":{"line":34,"column":4},"end":{"line":36,"column":5}},"13":{"start":{"line":35,"column":8},"end":{"line":35,"column":69}},"14":{"start":{"line":38,"column":4},"end":{"line":40,"column":5}},"15":{"start":{"line":39,"column":8},"end":{"line":39,"column":58}},"16":{"start":{"line":42,"column":21},"end":{"line":42,"column":44}},"17":{"start":{"line":43,"column":21},"end":{"line":43,"column":52}},"18":{"start":{"line":45,"column":4},"end":{"line":48,"column":6}},"19":{"start":{"line":57,"column":29},"end":{"line":59,"column":1}},"20":{"start":{"line":58,"column":4},"end":{"line":58,"column":70}},"21":{"start":{"line":66,"column":26},"end":{"line":73,"column":1}},"22":{"start":{"line":67,"column":48},"end":{"line":71,"column":5}},"23":{"start":{"line":72,"column":4},"end":{"line":72,"column":66}},"24":{"start":{"line":80,"column":30},"end":{"line":89,"column":1}},"25":{"start":{"line":81,"column":48},"end":{"line":87,"column":5}},"26":{"start":{"line":88,"column":4},"end":{"line":88,"column":66}},"27":{"start":{"line":96,"column":31},"end":{"line":106,"column":1}},"28":{"start":{"line":97,"column":16},"end":{"line":97,"column":26}},"29":{"start":{"line":98,"column":26},"end":{"line":98,"column":77}},"30":{"start":{"line":100,"column":4},"end":{"line":100,"column":46}},"31":{"start":{"line":100,"column":28},"end":{"line":100,"column":46}},"32":{"start":{"line":101,"column":4},"end":{"line":101,"column":85}},"33":{"start":{"line":101,"column":30},"end":{"line":101,"column":85}},"34":{"start":{"line":102,"column":4},"end":{"line":102,"column":86}},"35":{"start":{"line":102,"column":31},"end":{"line":102,"column":86}},"36":{"start":{"line":103,"column":4},"end":{"line":103,"column":87}},"37":{"start":{"line":103,"column":32},"end":{"line":103,"column":87}},"38":{"start":{"line":105,"column":4},"end":{"line":105,"column":28}},"39":{"start":{"line":114,"column":25},"end":{"line":116,"column":1}},"40":{"start":{"line":115,"column":4},"end":{"line":115,"column":48}},"41":{"start":{"line":125,"column":28},"end":{"line":127,"column":1}},"42":{"start":{"line":126,"column":4},"end":{"line":126,"column":58}}},"fnMap":{"0":{"name":"(anonymous_0)","decl":{"start":{"line":9,"column":38},"end":{"line":9,"column":39}},"loc":{"start":{"line":9,"column":85},"end":{"line":12,"column":1}},"line":9},"1":{"name":"(anonymous_1)","decl":{"start":{"line":19,"column":28},"end":{"line":19,"column":29}},"loc":{"start":{"line":19,"column":52},"end":{"line":26,"column":1}},"line":19},"2":{"name":"(anonymous_2)","decl":{"start":{"line":33,"column":29},"end":{"line":33,"column":30}},"loc":{"start":{"line":33,"column":92},"end":{"line":49,"column":1}},"line":33},"3":{"name":"(anonymous_3)","decl":{"start":{"line":57,"column":29},"end":{"line":57,"column":30}},"loc":{"start":{"line":57,"column":80},"end":{"line":59,"column":1}},"line":57},"4":{"name":"(anonymous_4)","decl":{"start":{"line":66,"column":26},"end":{"line":66,"column":27}},"loc":{"start":{"line":66,"column":50},"end":{"line":73,"column":1}},"line":66},"5":{"name":"(anonymous_5)","decl":{"start":{"line":80,"column":30},"end":{"line":80,"column":31}},"loc":{"start":{"line":80,"column":54},"end":{"line":89,"column":1}},"line":80},"6":{"name":"(anonymous_6)","decl":{"start":{"line":96,"column":31},"end":{"line":96,"column":32}},"loc":{"start":{"line":96,"column":55},"end":{"line":106,"column":1}},"line":96},"7":{"name":"(anonymous_7)","decl":{"start":{"line":114,"column":25},"end":{"line":114,"column":26}},"loc":{"start":{"line":114,"column":78},"end":{"line":116,"column":1}},"line":114},"8":{"name":"(anonymous_8)","decl":{"start":{"line":125,"column":28},"end":{"line":125,"column":29}},"loc":{"start":{"line":125,"column":104},"end":{"line":127,"column":1}},"line":125}},"branchMap":{"0":{"loc":{"start":{"line":10,"column":4},"end":{"line":10,"column":36}},"type":"if","locations":[{"start":{"line":10,"column":4},"end":{"line":10,"column":36}},{"start":{},"end":{}}],"line":10},"1":{"loc":{"start":{"line":34,"column":4},"end":{"line":36,"column":5}},"type":"if","locations":[{"start":{"line":34,"column":4},"end":{"line":36,"column":5}},{"start":{},"end":{}}],"line":34},"2":{"loc":{"start":{"line":38,"column":4},"end":{"line":40,"column":5}},"type":"if","locations":[{"start":{"line":38,"column":4},"end":{"line":40,"column":5}},{"start":{},"end":{}}],"line":38},"3":{"loc":{"start":{"line":57,"column":45},"end":{"line":57,"column":66}},"type":"default-arg","locations":[{"start":{"line":57,"column":64},"end":{"line":57,"column":66}}],"line":57},"4":{"loc":{"start":{"line":58,"column":11},"end":{"line":58,"column":69}},"type":"binary-expr","locations":[{"start":{"line":58,"column":11},"end":{"line":58,"column":21}},{"start":{"line":58,"column":25},"end":{"line":58,"column":42}},{"start":{"line":58,"column":46},"end":{"line":58,"column":69}}],"line":58},"5":{"loc":{"start":{"line":100,"column":4},"end":{"line":100,"column":46}},"type":"if","locations":[{"start":{"line":100,"column":4},"end":{"line":100,"column":46}},{"start":{},"end":{}}],"line":100},"6":{"loc":{"start":{"line":101,"column":4},"end":{"line":101,"column":85}},"type":"if","locations":[{"start":{"line":101,"column":4},"end":{"line":101,"column":85}},{"start":{},"end":{}}],"line":101},"7":{"loc":{"start":{"line":102,"column":4},"end":{"line":102,"column":86}},"type":"if","locations":[{"start":{"line":102,"column":4},"end":{"line":102,"column":86}},{"start":{},"end":{}}],"line":102},"8":{"loc":{"start":{"line":103,"column":4},"end":{"line":103,"column":87}},"type":"if","locations":[{"start":{"line":103,"column":4},"end":{"line":103,"column":87}},{"start":{},"end":{}}],"line":103},"9":{"loc":{"start":{"line":115,"column":11},"end":{"line":115,"column":47}},"type":"binary-expr","locations":[{"start":{"line":115,"column":11},"end":{"line":115,"column":27}},{"start":{"line":115,"column":31},"end":{"line":115,"column":47}}],"line":115},"10":{"loc":{"start":{"line":125,"column":69},"end":{"line":125,"column":90}},"type":"default-arg","locations":[{"start":{"line":125,"column":89},"end":{"line":125,"column":90}}],"line":125}},"s":{"0":2,"1":5,"2":1,"3":4,"4":2,"5":15,"6":15,"7":15,"8":49,"9":49,"10":15,"11":2,"12":17,"13":1,"14":16,"15":1,"16":15,"17":15,"18":15,"19":2,"20":9,"21":2,"22":0,"23":0,"24":2,"25":0,"26":0,"27":2,"28":0,"29":0,"30":0,"31":0,"32":0,"33":0,"34":0,"35":0,"36":0,"37":0,"38":0,"39":2,"40":4,"41":2,"42":7},"f":{"0":5,"1":15,"2":17,"3":9,"4":0,"5":0,"6":0,"7":4,"8":7},"b":{"0":[1,4],"1":[1,16],"2":[1,15],"3":[7],"4":[9,8,5],"5":[0,0],"6":[0,0],"7":[0,0],"8":[0,0],"9":[4,3],"10":[5]},"_coverageSchema":"1a1c01bbd47fc00a2c39e90264f33305004495a9","hash":"2df14e279e3565eed7d2a90f7aa1222524b175f0"}
,"/Users/jacob/core-four-score/utils/rules.ts": {"path":"/Users/jacob/core-four-score/utils/rules.ts","statementMap":{"0":{"start":{"line":1,"column":27},"end":{"line":1,"column":28}},"1":{"start":{"line":2,"column":27},"end":{"line":2,"column":50}},"2":{"start":{"line":5,"column":4},"end":{"line":5,"column":28}},"3":{"start":{"line":5,"column":16},"end":{"line":5,"column":28}},"4":{"start":{"line":6,"column":4},"end":{"line":6,"column":44}},"5":{"start":{"line":6,"column":31},"end":{"line":6,"column":44}},"6":{"start":{"line":7,"column":4},"end":{"line":7,"column":58}},"7":{"start":{"line":7,"column":35},"end":{"line":7,"column":58}},"8":{"start":{"line":8,"column":4},"end":{"line":8,"column":58}},"9":{"start":{"line":8,"column":35},"end":{"line":8,"column":58}},"10":{"start":{"line":9,"column":4},"end":{"line":11,"column":5}},"11":{"start":{"line":10,"column":8},"end":{"line":10,"column":39}},"12":{"start":{"line":12,"column":4},"end":{"line":12,"column":16}},"13":{"start":{"line":16,"column":20},"end":{"line":16,"column":41}},"14":{"start":{"line":17,"column":4},"end":{"line":17,"column":31}},"15":{"start":{"line":17,"column":18},"end":{"line":17,"column":31}},"16":{"start":{"line":18,"column":4},"end":{"line":18,"column":59}},"17":{"start":{"line":18,"column":46},"end":{"line":18,"column":59}},"18":{"start":{"line":19,"column":4},"end":{"line":19,"column":58}},"19":{"start":{"line":23,"column":20},"end":{"line":23,"column":61}},"20":{"start":{"line":24,"column":16},"end":{"line":24,"column":40}},"21":{"start":{"line":25,"column":31},"end":{"line":25,"column":67}},"22":{"start":{"line":28,"column":4},"end":{"line":28,"column":50}},"23":{"start":{"line":28,"column":35},"end":{"line":28,"column":50}},"24":{"start":{"line":31,"column":4},"end":{"line":31,"column":64}},"25":{"start":{"line":31,"column":36},"end":{"line":31,"column":64}},"26":{"start":{"line":34,"column":4},"end":{"line":34,"column":74}},"27":{"start":{"line":34,"column":37},"end":{"line":34,"column":49}}},"fnMap":{"0":{"name":"coerceDate","decl":{"start":{"line":4,"column":9},"end":{"line":4,"column":19}},"loc":{"start":{"line":4,"column":45},"end":{"line":13,"column":1}},"line":4},"1":{"name":"isProposalExpired","decl":{"start":{"line":15,"column":16},"end":{"line":15,"column":33}},"loc":{"start":{"line":15,"column":111},"end":{"line":20,"column":1}},"line":15},"2":{"name":"computeNextApprovals","decl":{"start":{"line":22,"column":16},"end":{"line":22,"column":36}},"loc":{"start":{"line":22,"column":95},"end":{"line":35,"column":1}},"line":22},"3":{"name":"(anonymous_3)","decl":{"start":{"line":34,"column":32},"end":{"line":34,"column":33}},"loc":{"start":{"line":34,"column":37},"end":{"line":34,"column":49}},"line":34}},"branchMap":{"0":{"loc":{"start":{"line":5,"column":4},"end":{"line":5,"column":28}},"type":"if","locations":[{"start":{"line":5,"column":4},"end":{"line":5,"column":28}},{"start":{},"end":{}}],"line":5},"1":{"loc":{"start":{"line":6,"column":4},"end":{"line":6,"column":44}},"type":"if","locations":[{"start":{"line":6,"column":4},"end":{"line":6,"column":44}},{"start":{},"end":{}}],"line":6},"2":{"loc":{"start":{"line":7,"column":4},"end":{"line":7,"column":58}},"type":"if","locations":[{"start":{"line":7,"column":4},"end":{"line":7,"column":58}},{"start":{},"end":{}}],"line":7},"3":{"loc":{"start":{"line":8,"column":4},"end":{"line":8,"column":58}},"type":"if","locations":[{"start":{"line":8,"column":4},"end":{"line":8,"column":58}},{"start":{},"end":{}}],"line":8},"4":{"loc":{"start":{"line":9,"column":4},"end":{"line":11,"column":5}},"type":"if","locations":[{"start":{"line":9,"column":4},"end":{"line":11,"column":5}},{"start":{},"end":{}}],"line":9},"5":{"loc":{"start":{"line":9,"column":8},"end":{"line":9,"column":80}},"type":"binary-expr","locations":[{"start":{"line":9,"column":8},"end":{"line":9,"column":33}},{"start":{"line":9,"column":37},"end":{"line":9,"column":80}}],"line":9},"6":{"loc":{"start":{"line":15,"column":74},"end":{"line":15,"column":100}},"type":"default-arg","locations":[{"start":{"line":15,"column":90},"end":{"line":15,"column":100}}],"line":15},"7":{"loc":{"start":{"line":17,"column":4},"end":{"line":17,"column":31}},"type":"if","locations":[{"start":{"line":17,"column":4},"end":{"line":17,"column":31}},{"start":{},"end":{}}],"line":17},"8":{"loc":{"start":{"line":18,"column":4},"end":{"line":18,"column":59}},"type":"if","locations":[{"start":{"line":18,"column":4},"end":{"line":18,"column":59}},{"start":{},"end":{}}],"line":18},"9":{"loc":{"start":{"line":23,"column":39},"end":{"line":23,"column":59}},"type":"binary-expr","locations":[{"start":{"line":23,"column":39},"end":{"line":23,"column":53}},{"start":{"line":23,"column":57},"end":{"line":23,"column":59}}],"line":23},"10":{"loc":{"start":{"line":28,"column":4},"end":{"line":28,"column":50}},"type":"if","locations":[{"start":{"line":28,"column":4},"end":{"line":28,"column":50}},{"start":{},"end":{}}],"line":28},"11":{"loc":{"start":{"line":28,"column":8},"end":{"line":28,"column":33}},"type":"binary-expr","locations":[{"start":{"line":28,"column":8},"end":{"line":28,"column":26}},{"start":{"line":28,"column":30},"end":{"line":28,"column":33}}],"line":28},"12":{"loc":{"start":{"line":31,"column":4},"end":{"line":31,"column":64}},"type":"if","locations":[{"start":{"line":31,"column":4},"end":{"line":31,"column":64}},{"start":{},"end":{}}],"line":31},"13":{"loc":{"start":{"line":31,"column":8},"end":{"line":31,"column":34}},"type":"binary-expr","locations":[{"start":{"line":31,"column":8},"end":{"line":31,"column":26}},{"start":{"line":31,"column":30},"end":{"line":31,"column":34}}],"line":31},"14":{"loc":{"start":{"line":34,"column":11},"end":{"line":34,"column":73}},"type":"cond-expr","locations":[{"start":{"line":34,"column":17},"end":{"line":34,"column":50}},{"start":{"line":34,"column":53},"end":{"line":34,"column":73}}],"line":34}},"s":{"0":1,"1":1,"2":3,"3":0,"4":3,"5":3,"6":0,"7":0,"8":0,"9":0,"10":0,"11":0,"12":0,"13":3,"14":3,"15":0,"16":3,"17":1,"18":2,"19":4,"20":4,"21":4,"22":4,"23":1,"24":3,"25":1,"26":2,"27":1},"f":{"0":3,"1":3,"2":4,"3":1},"b":{"0":[0,3],"1":[3,0],"2":[0,0],"3":[0,0],"4":[0,0],"5":[0,0],"6":[0],"7":[0,3],"8":[1,2],"9":[4,0],"10":[1,3],"11":[4,2],"12":[1,2],"13":[3,1],"14":[1,1]},"_coverageSchema":"1a1c01bbd47fc00a2c39e90264f33305004495a9","hash":"b1c5f9bb6f545599318693789eecc184c1884c34"}
,"/Users/jacob/core-four-score/utils/shadow.ts": {"path":"/Users/jacob/core-four-score/utils/shadow.ts","statementMap":{"0":{"start":{"line":4,"column":4},"end":{"line":7,"column":5}},"1":{"start":{"line":6,"column":8},"end":{"line":6,"column":85}},"2":{"start":{"line":8,"column":4},"end":{"line":8,"column":21}}},"fnMap":{"0":{"name":"webBoxShadow","decl":{"start":{"line":3,"column":16},"end":{"line":3,"column":28}},"loc":{"start":{"line":3,"column":75},"end":{"line":9,"column":1}},"line":3}},"branchMap":{"0":{"loc":{"start":{"line":3,"column":29},"end":{"line":3,"column":55}},"type":"default-arg","locations":[{"start":{"line":3,"column":37},"end":{"line":3,"column":55}}],"line":3},"1":{"loc":{"start":{"line":3,"column":57},"end":{"line":3,"column":62}},"type":"default-arg","locations":[{"start":{"line":3,"column":61},"end":{"line":3,"column":62}}],"line":3},"2":{"loc":{"start":{"line":3,"column":64},"end":{"line":3,"column":73}},"type":"default-arg","locations":[{"start":{"line":3,"column":71},"end":{"line":3,"column":73}}],"line":3},"3":{"loc":{"start":{"line":4,"column":4},"end":{"line":7,"column":5}},"type":"if","locations":[{"start":{"line":4,"column":4},"end":{"line":7,"column":5}},{"start":{},"end":{}}],"line":4}},"s":{"0":0,"1":0,"2":0},"f":{"0":0},"b":{"0":[0],"1":[0],"2":[0],"3":[0,0]}}
}
