TN:
SF:expo-env.d.ts
FNF:0
FNH:0
LF:0
LH:0
BRF:0
BRH:0
end_of_record
TN:
SF:nativewind-env.d.ts
FNF:0
FNH:0
LF:0
LH:0
BRF:0
BRH:0
end_of_record
TN:
SF:.expo/types/router.d.ts
FNF:0
FNH:0
LF:0
LH:0
BRF:0
BRH:0
end_of_record
TN:
SF:app/+html.tsx
FN:7,Root
FNF:1
FNH:0
FNDA:0,Root
DA:8,0
DA:30,0
LF:2
LH:0
BRF:0
BRH:0
end_of_record
TN:
SF:app/+not-found.tsx
FN:6,NotFoundScreen
FNF:1
FNH:0
FNDA:0,NotFoundScreen
DA:7,0
DA:21,0
LF:2
LH:0
BRF:0
BRH:0
end_of_record
TN:
SF:app/_layout.tsx
FN:24,RootLayout
FN:30,(anonymous_1)
FN:34,(anonymous_2)
FN:47,RootLayoutNav
FNF:4
FNH:0
FNDA:0,RootLayout
FNDA:0,(anonymous_1)
FNDA:0,(anonymous_2)
FNDA:0,RootLayoutNav
DA:16,0
DA:22,0
DA:25,0
DA:30,0
DA:31,0
DA:34,0
DA:35,0
DA:36,0
DA:40,0
DA:41,0
DA:44,0
DA:48,0
DA:50,0
LF:13
LH:0
BRDA:31,0,0,0
BRDA:31,0,1,0
BRDA:35,1,0,0
BRDA:35,1,1,0
BRDA:40,2,0,0
BRDA:40,2,1,0
BRDA:52,3,0,0
BRDA:52,3,1,0
BRF:8
BRH:0
end_of_record
TN:
SF:app/game.tsx
FN:9,GameScreen
FN:19,(anonymous_1)
FN:20,(anonymous_2)
FN:36,(anonymous_3)
FN:43,(anonymous_4)
FN:70,(anonymous_5)
FN:120,(anonymous_6)
FN:124,(anonymous_7)
FN:132,(anonymous_8)
FN:138,(anonymous_9)
FN:155,(anonymous_10)
FN:158,(anonymous_11)
FN:160,(anonymous_12)
FN:174,(anonymous_13)
FN:199,(anonymous_14)
FN:207,(anonymous_15)
FN:211,(anonymous_16)
FN:211,(anonymous_17)
FN:212,(anonymous_18)
FN:219,(anonymous_19)
FN:223,(anonymous_20)
FN:240,(anonymous_21)
FN:241,(anonymous_22)
FN:247,(anonymous_23)
FN:263,(anonymous_24)
FNF:25
FNH:0
FNDA:0,GameScreen
FNDA:0,(anonymous_1)
FNDA:0,(anonymous_2)
FNDA:0,(anonymous_3)
FNDA:0,(anonymous_4)
FNDA:0,(anonymous_5)
FNDA:0,(anonymous_6)
FNDA:0,(anonymous_7)
FNDA:0,(anonymous_8)
FNDA:0,(anonymous_9)
FNDA:0,(anonymous_10)
FNDA:0,(anonymous_11)
FNDA:0,(anonymous_12)
FNDA:0,(anonymous_13)
FNDA:0,(anonymous_14)
FNDA:0,(anonymous_15)
FNDA:0,(anonymous_16)
FNDA:0,(anonymous_17)
FNDA:0,(anonymous_18)
FNDA:0,(anonymous_19)
FNDA:0,(anonymous_20)
FNDA:0,(anonymous_21)
FNDA:0,(anonymous_22)
FNDA:0,(anonymous_23)
FNDA:0,(anonymous_24)
DA:10,0
DA:11,0
DA:13,0
DA:14,0
DA:15,0
DA:17,0
DA:19,0
DA:20,0
DA:22,0
DA:23,0
DA:24,0
DA:25,0
DA:26,0
DA:27,0
DA:28,0
DA:29,0
DA:30,0
DA:31,0
DA:32,0
DA:34,0
DA:36,0
DA:37,0
DA:38,0
DA:39,0
DA:40,0
DA:43,0
DA:44,0
DA:45,0
DA:46,0
DA:49,0
DA:50,0
DA:51,0
DA:53,0
DA:54,0
DA:56,0
DA:69,0
DA:70,0
DA:71,0
DA:72,0
DA:73,0
DA:74,0
DA:75,0
DA:76,0
DA:81,0
DA:82,0
DA:84,0
DA:85,0
DA:87,0
DA:91,0
DA:92,0
DA:99,0
DA:120,0
DA:124,0
DA:133,0
DA:134,0
DA:135,0
DA:136,0
DA:138,0
DA:155,0
DA:159,0
DA:160,0
DA:161,0
DA:162,0
DA:163,0
DA:176,0
DA:177,0
DA:178,0
DA:179,0
DA:181,0
DA:182,0
DA:183,0
DA:185,0
DA:200,0
DA:202,0
DA:203,0
DA:204,0
DA:205,0
DA:207,0
DA:208,0
DA:209,0
DA:210,0
DA:211,0
DA:212,0
DA:219,0
DA:225,0
DA:226,0
DA:227,0
DA:228,0
DA:230,0
DA:231,0
DA:232,0
DA:241,0
DA:247,0
DA:263,0
DA:270,0
LF:95
LH:0
BRDA:13,0,0,0
BRDA:13,0,1,0
BRDA:14,1,0,0
BRDA:14,1,1,0
BRDA:15,2,0,0
BRDA:15,2,1,0
BRDA:19,3,0,0
BRDA:19,3,1,0
BRDA:20,4,0,0
BRDA:20,4,1,0
BRDA:44,5,0,0
BRDA:44,5,1,0
BRDA:58,6,0,0
BRDA:58,6,1,0
BRDA:60,7,0,0
BRDA:60,7,1,0
BRDA:61,8,0,0
BRDA:61,8,1,0
BRDA:70,9,0,0
BRDA:70,9,1,0
BRDA:72,10,0,0
BRDA:72,10,1,0
BRDA:74,11,0,0
BRDA:74,11,1,0
BRDA:91,12,0,0
BRDA:91,12,1,0
BRDA:120,13,0,0
BRDA:120,13,1,0
BRDA:124,14,0,0
BRDA:124,14,1,0
BRDA:133,15,0,0
BRDA:133,15,1,0
BRDA:134,16,0,0
BRDA:134,16,1,0
BRDA:135,17,0,0
BRDA:135,17,1,0
BRDA:139,18,0,0
BRDA:139,18,1,0
BRDA:140,19,0,0
BRDA:140,19,1,0
BRDA:151,20,0,0
BRDA:151,20,1,0
BRDA:151,21,0,0
BRDA:151,21,1,0
BRDA:159,22,0,0
BRDA:159,22,1,0
BRDA:160,23,0,0
BRDA:160,23,1,0
BRDA:203,24,0,0
BRDA:203,24,1,0
BRDA:209,25,0,0
BRDA:209,25,1,0
BRDA:239,26,0,0
BRDA:239,26,1,0
BRDA:274,27,0,0
BRDA:274,27,1,0
BRDA:278,28,0,0
BRDA:278,28,1,0
BRDA:311,29,0,0
BRDA:311,29,1,0
BRF:60
BRH:0
end_of_record
TN:
SF:app/modal.tsx
FN:7,ModalScreen
FNF:1
FNH:0
FNDA:0,ModalScreen
DA:8,0
DA:20,0
LF:2
LH:0
BRDA:15,0,0,0
BRDA:15,0,1,0
BRF:2
BRH:0
end_of_record
TN:
SF:app/profile.tsx
FN:9,ProfileScreen
FN:19,(anonymous_1)
FN:20,(anonymous_2)
FN:91,(anonymous_3)
FN:108,(anonymous_4)
FNF:5
FNH:0
FNDA:0,ProfileScreen
FNDA:0,(anonymous_1)
FNDA:0,(anonymous_2)
FNDA:0,(anonymous_3)
FNDA:0,(anonymous_4)
DA:10,0
DA:11,0
DA:12,0
DA:13,0
DA:14,0
DA:15,0
DA:16,0
DA:17,0
DA:19,0
DA:20,0
DA:21,0
DA:22,0
DA:23,0
DA:27,0
DA:28,0
DA:29,0
DA:30,0
DA:31,0
DA:33,0
DA:36,0
DA:38,0
DA:39,0
DA:46,0
DA:47,0
DA:49,0
DA:92,0
DA:93,0
DA:94,0
DA:95,0
DA:96,0
DA:97,0
DA:99,0
DA:101,0
DA:109,0
DA:110,0
DA:111,0
DA:113,0
DA:116,0
DA:127,0
DA:134,0
LF:40
LH:0
BRDA:21,0,0,0
BRDA:21,0,1,0
BRDA:28,1,0,0
BRDA:28,1,1,0
BRDA:29,2,0,0
BRDA:29,2,1,0
BRDA:36,3,0,0
BRDA:36,3,1,0
BRDA:38,4,0,0
BRDA:38,4,1,0
BRDA:38,5,0,0
BRDA:38,5,1,0
BRDA:46,6,0,0
BRDA:46,6,1,0
BRDA:46,6,2,0
BRDA:47,7,0,0
BRDA:47,7,1,0
BRDA:52,8,0,0
BRDA:52,8,1,0
BRDA:52,9,0,0
BRDA:52,9,1,0
BRDA:53,10,0,0
BRDA:53,10,1,0
BRDA:90,11,0,0
BRDA:90,11,1,0
BRDA:92,12,0,0
BRDA:92,12,1,0
BRDA:109,13,0,0
BRDA:109,13,1,0
BRDA:148,14,0,0
BRDA:148,14,1,0
BRF:31
BRH:0
end_of_record
TN:
SF:app/(tabs)/_layout.tsx
FN:9,TabBarIcon
FN:13,TabLayout
FN:32,(anonymous_2)
FN:33,(anonymous_3)
FN:49,(anonymous_4)
FN:56,(anonymous_5)
FN:63,(anonymous_6)
FNF:7
FNH:0
FNDA:0,TabBarIcon
FNDA:0,TabLayout
FNDA:0,(anonymous_2)
FNDA:0,(anonymous_3)
FNDA:0,(anonymous_4)
FNDA:0,(anonymous_5)
FNDA:0,(anonymous_6)
DA:10,0
DA:14,0
DA:15,0
DA:16,0
DA:33,0
DA:49,0
DA:56,0
DA:63,0
LF:8
LH:0
BRDA:34,0,0,0
BRDA:34,0,1,0
BRDA:38,1,0,0
BRDA:38,1,1,0
BRF:4
BRH:0
end_of_record
TN:
SF:app/(tabs)/index.tsx
FN:19,HomeScreen
FN:29,(anonymous_1)
FN:41,(anonymous_2)
FN:47,(anonymous_3)
FN:55,(anonymous_4)
FN:57,(anonymous_5)
FN:127,(anonymous_6)
FN:136,(anonymous_7)
FN:138,(anonymous_8)
FN:144,(anonymous_9)
FN:144,(anonymous_10)
FN:151,(anonymous_11)
FN:156,(anonymous_12)
FN:190,(anonymous_13)
FNF:14
FNH:0
FNDA:0,HomeScreen
FNDA:0,(anonymous_1)
FNDA:0,(anonymous_2)
FNDA:0,(anonymous_3)
FNDA:0,(anonymous_4)
FNDA:0,(anonymous_5)
FNDA:0,(anonymous_6)
FNDA:0,(anonymous_7)
FNDA:0,(anonymous_8)
FNDA:0,(anonymous_9)
FNDA:0,(anonymous_10)
FNDA:0,(anonymous_11)
FNDA:0,(anonymous_12)
FNDA:0,(anonymous_13)
DA:20,0
DA:21,0
DA:22,0
DA:23,0
DA:24,0
DA:27,0
DA:29,0
DA:30,0
DA:31,0
DA:32,0
DA:33,0
DA:35,0
DA:37,0
DA:41,0
DA:42,0
DA:43,0
DA:44,0
DA:47,0
DA:48,0
DA:49,0
DA:53,0
DA:54,0
DA:55,0
DA:57,0
DA:58,0
DA:63,0
DA:64,0
DA:73,0
DA:74,0
DA:96,0
DA:128,0
DA:129,0
DA:130,0
DA:131,0
DA:132,0
DA:136,0
DA:137,0
DA:138,0
DA:139,0
DA:143,0
DA:144,0
DA:145,0
DA:146,0
DA:151,0
DA:152,0
DA:153,0
DA:155,0
DA:156,0
DA:158,0
DA:167,0
DA:168,0
DA:191,0
DA:206,0
LF:53
LH:0
BRDA:48,0,0,0
BRDA:48,0,1,0
BRDA:53,1,0,0
BRDA:53,1,1,0
BRDA:58,2,0,0
BRDA:58,2,1,0
BRDA:63,3,0,0
BRDA:63,3,1,0
BRDA:73,4,0,0
BRDA:73,4,1,0
BRDA:108,5,0,0
BRDA:108,5,1,0
BRDA:130,6,0,0
BRDA:130,6,1,0
BRDA:130,7,0,0
BRDA:130,7,1,0
BRDA:137,8,0,0
BRDA:137,8,1,0
BRDA:143,9,0,0
BRDA:143,9,1,0
BRDA:145,10,0,0
BRDA:145,10,1,0
BRDA:182,11,0,0
BRDA:182,11,1,0
BRDA:182,12,0,0
BRDA:182,12,1,0
BRDA:184,13,0,0
BRDA:184,13,1,0
BRDA:232,14,0,0
BRDA:232,14,1,0
BRDA:244,15,0,0
BRDA:244,15,1,0
BRDA:326,16,0,0
BRDA:326,16,1,0
BRF:34
BRH:0
end_of_record
TN:
SF:app/(tabs)/rules.tsx
FN:18,RulesScreen
FN:25,(anonymous_1)
FN:29,fetchRules
FN:33,(anonymous_3)
FN:35,(anonymous_4)
FN:47,(anonymous_5)
FN:52,(anonymous_6)
FN:68,cleanupOldProposals
FN:83,proposeRule
FN:100,toggleApprove
FN:107,(anonymous_10)
FN:122,renderRule
FN:147,(anonymous_12)
FN:152,(anonymous_13)
FN:170,(anonymous_14)
FN:175,(anonymous_15)
FN:175,(anonymous_16)
FN:184,(anonymous_17)
FNF:18
FNH:0
FNDA:0,RulesScreen
FNDA:0,(anonymous_1)
FNDA:0,fetchRules
FNDA:0,(anonymous_3)
FNDA:0,(anonymous_4)
FNDA:0,(anonymous_5)
FNDA:0,(anonymous_6)
FNDA:0,cleanupOldProposals
FNDA:0,proposeRule
FNDA:0,toggleApprove
FNDA:0,(anonymous_10)
FNDA:0,renderRule
FNDA:0,(anonymous_12)
FNDA:0,(anonymous_13)
FNDA:0,(anonymous_14)
FNDA:0,(anonymous_15)
FNDA:0,(anonymous_16)
FNDA:0,(anonymous_17)
DA:19,0
DA:20,0
DA:21,0
DA:22,0
DA:23,0
DA:25,0
DA:26,0
DA:30,0
DA:31,0
DA:32,0
DA:33,0
DA:35,0
DA:36,0
DA:37,0
DA:38,0
DA:39,0
DA:40,0
DA:44,0
DA:45,0
DA:46,0
DA:47,0
DA:50,0
DA:51,0
DA:52,0
DA:53,0
DA:54,0
DA:55,0
DA:57,0
DA:60,0
DA:61,0
DA:62,0
DA:65,0
DA:69,0
DA:70,0
DA:71,0
DA:72,0
DA:73,0
DA:74,0
DA:75,0
DA:78,0
DA:84,0
DA:85,0
DA:86,0
DA:87,0
DA:88,0
DA:95,0
DA:96,0
DA:97,0
DA:101,0
DA:102,0
DA:103,0
DA:104,0
DA:105,0
DA:106,0
DA:107,0
DA:108,0
DA:110,0
DA:111,0
DA:112,0
DA:113,0
DA:115,0
DA:118,0
DA:119,0
DA:123,0
DA:124,0
DA:125,0
DA:126,0
DA:127,0
DA:134,0
DA:147,0
DA:152,0
DA:166,0
DA:170,0
DA:175,0
DA:184,0
DA:198,0
LF:76
LH:0
BRDA:38,0,0,0
BRDA:38,0,1,0
BRDA:38,1,0,0
BRDA:38,1,1,0
BRDA:39,2,0,0
BRDA:39,2,1,0
BRDA:39,3,0,0
BRDA:39,3,1,0
BRDA:46,4,0,0
BRDA:46,4,1,0
BRDA:46,5,0,0
BRDA:46,5,1,0
BRDA:47,6,0,0
BRDA:47,6,1,0
BRDA:47,7,0,0
BRDA:47,7,1,0
BRDA:47,8,0,0
BRDA:47,8,1,0
BRDA:50,9,0,0
BRDA:50,9,1,0
BRDA:55,10,0,0
BRDA:55,10,1,0
BRDA:73,11,0,0
BRDA:73,11,1,0
BRDA:74,12,0,0
BRDA:74,12,1,0
BRDA:84,13,0,0
BRDA:84,13,1,0
BRDA:85,14,0,0
BRDA:85,14,1,0
BRDA:101,15,0,0
BRDA:101,15,1,0
BRDA:103,16,0,0
BRDA:103,16,1,0
BRDA:107,17,0,0
BRDA:107,17,1,0
BRDA:108,18,0,0
BRDA:108,18,1,0
BRDA:110,19,0,0
BRDA:110,19,1,0
BRDA:111,20,0,0
BRDA:111,20,1,0
BRDA:111,21,0,0
BRDA:111,21,1,0
BRDA:113,22,0,0
BRDA:113,22,1,0
BRDA:113,23,0,0
BRDA:113,23,1,0
BRDA:123,24,0,0
BRDA:123,24,1,0
BRDA:124,25,0,0
BRDA:124,25,1,0
BRDA:124,26,0,0
BRDA:124,26,1,0
BRDA:125,27,0,0
BRDA:125,27,1,0
BRDA:126,28,0,0
BRDA:126,28,1,0
BRDA:127,29,0,0
BRDA:127,29,1,0
BRDA:129,30,0,0
BRDA:129,30,1,0
BRDA:131,31,0,0
BRDA:131,31,1,0
BRDA:138,32,0,0
BRDA:138,32,1,0
BRDA:138,33,0,0
BRDA:138,33,1,0
BRDA:141,34,0,0
BRDA:141,34,1,0
BRDA:142,35,0,0
BRDA:142,35,1,0
BRDA:143,36,0,0
BRDA:143,36,1,0
BRDA:145,37,0,0
BRDA:145,37,1,0
BRDA:146,38,0,0
BRDA:146,38,1,0
BRDA:146,39,0,0
BRDA:146,39,1,0
BRDA:147,40,0,0
BRDA:147,40,1,0
BRDA:147,41,0,0
BRDA:147,41,1,0
BRDA:149,42,0,0
BRDA:149,42,1,0
BRDA:151,43,0,0
BRDA:151,43,1,0
BRDA:152,44,0,0
BRDA:152,44,1,0
BRDA:203,45,0,0
BRDA:203,45,1,0
BRF:92
BRH:0
end_of_record
TN:
SF:app/(tabs)/stats.tsx
FN:12,toDay
FN:18,buildCumulativeSeries
FN:29,uniqueSortedDaysFromDates
FN:32,(anonymous_3)
FN:32,(anonymous_4)
FN:35,StatsScreen
FN:42,(anonymous_6)
FN:43,(anonymous_7)
FN:55,(anonymous_8)
FN:56,(anonymous_9)
FN:58,(anonymous_10)
FN:68,(anonymous_11)
FN:70,(anonymous_12)
FN:77,(anonymous_13)
FN:86,(anonymous_14)
FN:88,(anonymous_15)
FN:102,(anonymous_16)
FN:105,(anonymous_17)
FN:127,(anonymous_18)
FN:129,(anonymous_19)
FN:139,(anonymous_20)
FN:153,(anonymous_21)
FN:155,(anonymous_22)
FN:165,(anonymous_23)
FNF:24
FNH:0
FNDA:0,toDay
FNDA:0,buildCumulativeSeries
FNDA:0,uniqueSortedDaysFromDates
FNDA:0,(anonymous_3)
FNDA:0,(anonymous_4)
FNDA:0,StatsScreen
FNDA:0,(anonymous_6)
FNDA:0,(anonymous_7)
FNDA:0,(anonymous_8)
FNDA:0,(anonymous_9)
FNDA:0,(anonymous_10)
FNDA:0,(anonymous_11)
FNDA:0,(anonymous_12)
FNDA:0,(anonymous_13)
FNDA:0,(anonymous_14)
FNDA:0,(anonymous_15)
FNDA:0,(anonymous_16)
FNDA:0,(anonymous_17)
FNDA:0,(anonymous_18)
FNDA:0,(anonymous_19)
FNDA:0,(anonymous_20)
FNDA:0,(anonymous_21)
FNDA:0,(anonymous_22)
FNDA:0,(anonymous_23)
DA:9,0
DA:13,0
DA:14,0
DA:15,0
DA:19,0
DA:20,0
DA:21,0
DA:22,0
DA:23,0
DA:24,0
DA:26,0
DA:30,0
DA:31,0
DA:32,0
DA:36,0
DA:37,0
DA:38,0
DA:39,0
DA:40,0
DA:42,0
DA:43,0
DA:44,0
DA:45,0
DA:46,0
DA:47,0
DA:52,0
DA:53,0
DA:55,0
DA:56,0
DA:58,0
DA:59,0
DA:61,0
DA:63,0
DA:68,0
DA:69,0
DA:70,0
DA:72,0
DA:73,0
DA:74,0
DA:75,0
DA:76,0
DA:77,0
DA:78,0
DA:79,0
DA:81,0
DA:83,0
DA:86,0
DA:87,0
DA:88,0
DA:90,0
DA:91,0
DA:92,0
DA:93,0
DA:94,0
DA:95,0
DA:97,0
DA:99,0
DA:102,0
DA:103,0
DA:104,0
DA:105,0
DA:106,0
DA:109,0
DA:110,0
DA:117,0
DA:127,0
DA:130,0
DA:139,0
DA:153,0
DA:156,0
DA:165,0
DA:174,0
LF:72
LH:0
BRDA:23,0,0,0
BRDA:23,0,1,0
BRDA:44,1,0,0
BRDA:44,1,1,0
BRDA:69,2,0,0
BRDA:69,2,1,0
BRDA:69,3,0,0
BRDA:69,3,1,0
BRDA:78,4,0,0
BRDA:78,4,1,0
BRDA:79,5,0,0
BRDA:79,5,1,0
BRDA:79,6,0,0
BRDA:79,6,1,0
BRDA:87,7,0,0
BRDA:87,7,1,0
BRDA:87,8,0,0
BRDA:87,8,1,0
BRDA:95,9,0,0
BRDA:95,9,1,0
BRDA:95,10,0,0
BRDA:95,10,1,0
BRDA:109,11,0,0
BRDA:109,11,1,0
BRDA:121,12,0,0
BRDA:121,12,1,0
BRDA:123,13,0,0
BRDA:123,13,1,0
BRDA:132,14,0,0
BRDA:132,14,1,0
BRDA:147,15,0,0
BRDA:147,15,1,0
BRDA:149,16,0,0
BRDA:149,16,1,0
BRDA:158,17,0,0
BRDA:158,17,1,0
BRDA:178,18,0,0
BRDA:178,18,1,0
BRF:38
BRH:0
end_of_record
TN:
SF:components/Button.tsx
FN:15,(anonymous_0)
FNF:1
FNH:0
FNDA:0,(anonymous_0)
DA:15,0
DA:24,0
DA:30,0
DA:36,0
DA:42,0
DA:57,0
LF:6
LH:0
BRDA:18,0,0,0
BRDA:19,1,0,0
BRDA:20,2,0,0
BRDA:21,3,0,0
BRDA:22,4,0,0
BRDA:45,5,0,0
BRDA:45,5,1,0
BRDA:46,6,0,0
BRDA:46,6,1,0
BRDA:46,7,0,0
BRDA:46,7,1,0
BRDA:48,8,0,0
BRDA:48,8,1,0
BRDA:64,9,0,0
BRDA:64,9,1,0
BRF:15
BRH:0
end_of_record
TN:
SF:components/EditScreenInfo.tsx
FN:10,EditScreenInfo
FNF:1
FNH:0
FNDA:0,EditScreenInfo
DA:11,0
DA:49,0
LF:2
LH:0
BRF:0
BRH:0
end_of_record
TN:
SF:components/ExternalLink.tsx
FN:6,ExternalLink
FN:15,(anonymous_1)
FNF:2
FNH:0
FNDA:0,ExternalLink
FNDA:0,(anonymous_1)
DA:9,0
DA:16,0
DA:18,0
DA:20,0
LF:4
LH:0
BRDA:16,0,0,0
BRDA:16,0,1,0
BRF:2
BRH:0
end_of_record
TN:
SF:components/LeaderboardCard.tsx
FN:12,(anonymous_0)
FN:14,(anonymous_1)
FN:47,(anonymous_2)
FN:52,(anonymous_3)
FNF:4
FNH:0
FNDA:0,(anonymous_0)
FNDA:0,(anonymous_1)
FNDA:0,(anonymous_2)
FNDA:0,(anonymous_3)
DA:12,0
DA:13,0
DA:14,0
DA:15,0
DA:16,0
DA:17,0
DA:18,0
DA:21,0
DA:47,0
DA:52,0
DA:57,0
LF:11
LH:0
BRDA:15,0,0,0
BRDA:15,0,1,0
BRDA:16,1,0,0
BRDA:16,1,1,0
BRDA:17,2,0,0
BRDA:17,2,1,0
BRDA:22,3,0,0
BRDA:22,3,1,0
BRDA:28,4,0,0
BRDA:28,4,1,0
BRDA:46,5,0,0
BRDA:46,5,1,0
BRDA:66,6,0,0
BRDA:66,6,1,0
BRF:14
BRH:0
end_of_record
TN:
SF:components/PlayerCheckbox.tsx
FN:11,(anonymous_0)
FNF:1
FNH:0
FNDA:0,(anonymous_0)
DA:11,0
DA:16,0
DA:37,0
LF:3
LH:0
BRDA:19,0,0,0
BRDA:19,0,1,0
BRDA:23,1,0,0
BRDA:23,1,1,0
BRDA:25,2,0,0
BRDA:25,2,1,0
BRF:6
BRH:0
end_of_record
TN:
SF:components/RenegListModal.tsx
FN:12,RenegListModal
FN:19,(anonymous_1)
FN:34,(anonymous_2)
FN:37,(anonymous_3)
FN:54,(anonymous_4)
FN:55,(anonymous_5)
FN:56,(anonymous_6)
FN:81,(anonymous_7)
FN:98,(anonymous_8)
FN:98,(anonymous_9)
FN:107,(anonymous_10)
FNF:11
FNH:0
FNDA:0,RenegListModal
FNDA:0,(anonymous_1)
FNDA:0,(anonymous_2)
FNDA:0,(anonymous_3)
FNDA:0,(anonymous_4)
FNDA:0,(anonymous_5)
FNDA:0,(anonymous_6)
FNDA:0,(anonymous_7)
FNDA:0,(anonymous_8)
FNDA:0,(anonymous_9)
FNDA:0,(anonymous_10)
DA:13,0
DA:14,0
DA:15,0
DA:16,0
DA:17,0
DA:19,0
DA:20,0
DA:21,0
DA:22,0
DA:23,0
DA:24,0
DA:25,0
DA:26,0
DA:27,0
DA:28,0
DA:31,0
DA:34,0
DA:35,0
DA:36,0
DA:37,0
DA:38,0
DA:39,0
DA:40,0
DA:41,0
DA:42,0
DA:43,0
DA:44,0
DA:45,0
DA:46,0
DA:47,0
DA:50,0
DA:51,0
DA:52,0
DA:54,0
DA:55,0
DA:56,0
DA:57,0
DA:58,0
DA:59,0
DA:60,0
DA:63,0
DA:64,0
DA:65,0
DA:66,0
DA:68,0
DA:71,0
DA:75,0
DA:77,0
DA:81,0
DA:84,0
DA:98,0
DA:99,0
DA:108,0
DA:127,0
LF:54
LH:0
BRDA:23,0,0,0
BRDA:23,0,1,0
BRDA:24,1,0,0
BRDA:24,1,1,0
BRDA:25,2,0,0
BRDA:25,2,1,0
BRDA:25,3,0,0
BRDA:25,3,1,0
BRDA:26,4,0,0
BRDA:26,4,1,0
BRDA:36,5,0,0
BRDA:36,5,1,0
BRDA:42,6,0,0
BRDA:42,6,1,0
BRDA:42,7,0,0
BRDA:42,7,1,0
BRDA:45,8,0,0
BRDA:45,8,1,0
BRDA:46,9,0,0
BRDA:46,9,1,0
BRDA:51,10,0,0
BRDA:51,10,1,0
BRDA:51,11,0,0
BRDA:51,11,1,0
BRDA:54,12,0,0
BRDA:54,12,1,0
BRDA:57,13,0,0
BRDA:57,13,1,0
BRDA:59,14,0,0
BRDA:59,14,1,0
BRDA:60,15,0,0
BRDA:60,15,1,0
BRDA:60,15,2,0
BRDA:60,15,3,0
BRDA:60,15,4,0
BRDA:64,16,0,0
BRDA:64,16,1,0
BRDA:77,17,0,0
BRDA:77,17,1,0
BRDA:88,18,0,0
BRDA:88,18,1,0
BRDA:89,19,0,0
BRDA:89,19,1,0
BRDA:90,20,0,0
BRDA:90,20,1,0
BRDA:92,21,0,0
BRDA:92,21,1,0
BRDA:95,22,0,0
BRDA:95,22,1,0
BRDA:109,23,0,0
BRDA:109,23,1,0
BRF:51
BRH:0
end_of_record
TN:
SF:components/StyledText.tsx
FN:3,MonoText
FNF:1
FNH:1
FNDA:1,MonoText
DA:4,1
LF:1
LH:1
BRF:0
BRH:0
end_of_record
TN:
SF:components/Themed.tsx
FN:19,useThemeColor
FN:33,Text
FN:40,View
FNF:3
FNH:2
FNDA:1,useThemeColor
FNDA:1,Text
FNDA:0,View
DA:23,1
DA:24,1
DA:26,1
DA:27,0
DA:29,1
DA:34,1
DA:35,1
DA:37,1
DA:41,0
DA:42,0
DA:44,0
LF:11
LH:7
BRDA:23,0,0,1
BRDA:23,0,1,0
BRDA:26,1,0,0
BRDA:26,1,1,1
BRF:4
BRH:2
end_of_record
TN:
SF:components/useClientOnlyValue.ts
FN:2,useClientOnlyValue
FNF:1
FNH:0
FNDA:0,useClientOnlyValue
DA:3,0
LF:1
LH:0
BRF:0
BRH:0
end_of_record
TN:
SF:components/useClientOnlyValue.web.ts
FN:5,useClientOnlyValue
FN:7,(anonymous_1)
FNF:2
FNH:0
FNDA:0,useClientOnlyValue
FNDA:0,(anonymous_1)
DA:6,0
DA:7,0
DA:8,0
DA:11,0
LF:4
LH:0
BRF:0
BRH:0
end_of_record
TN:
SF:components/useColorScheme.ts
FNF:0
FNH:0
LF:0
LH:0
BRF:0
BRH:0
end_of_record
TN:
SF:components/useColorScheme.web.ts
FN:6,useColorScheme
FNF:1
FNH:0
FNDA:0,useColorScheme
DA:7,0
LF:1
LH:0
BRF:0
BRH:0
end_of_record
TN:
SF:constants/Colors.ts
FNF:0
FNH:0
DA:1,1
LF:1
LH:1
BRF:0
BRH:0
end_of_record
TN:
SF:contexts/AuthContext.tsx
FN:34,(anonymous_0)
FN:42,(anonymous_1)
FN:54,(anonymous_2)
FN:62,(anonymous_3)
FN:63,(anonymous_4)
FN:76,(anonymous_5)
FN:78,(anonymous_6)
FN:92,(anonymous_7)
FN:109,(anonymous_8)
FN:115,(anonymous_9)
FN:152,(anonymous_10)
FNF:11
FNH:6
FNDA:7,(anonymous_0)
FNDA:4,(anonymous_1)
FNDA:2,(anonymous_2)
FNDA:2,(anonymous_3)
FNDA:2,(anonymous_4)
FNDA:2,(anonymous_5)
FNDA:0,(anonymous_6)
FNDA:0,(anonymous_7)
FNDA:0,(anonymous_8)
FNDA:0,(anonymous_9)
FNDA:0,(anonymous_10)
DA:23,1
DA:32,1
DA:34,1
DA:35,7
DA:36,6
DA:37,2
DA:39,4
DA:42,1
DA:43,4
DA:44,4
DA:47,4
DA:54,4
DA:55,2
DA:56,0
DA:57,0
DA:62,4
DA:63,2
DA:64,2
DA:65,0
DA:67,2
DA:69,2
DA:72,2
DA:76,4
DA:77,2
DA:78,0
DA:79,0
DA:80,0
DA:81,0
DA:82,0
DA:86,0
DA:92,4
DA:94,0
DA:97,0
DA:98,0
DA:106,0
DA:109,4
DA:112,0
DA:115,4
DA:116,0
DA:117,0
DA:119,0
DA:120,0
DA:122,0
DA:123,0
DA:125,0
DA:128,0
DA:129,0
DA:130,0
DA:131,0
DA:132,0
DA:135,0
DA:136,0
DA:137,0
DA:138,0
DA:140,0
DA:144,0
DA:147,0
DA:148,0
DA:152,4
DA:153,0
DA:154,0
DA:155,0
DA:157,0
DA:158,0
DA:162,4
LF:65
LH:26
BRDA:36,0,0,2
BRDA:36,0,1,4
BRDA:55,1,0,0
BRDA:55,1,1,2
BRDA:64,2,0,0
BRDA:64,2,1,2
BRDA:77,3,0,0
BRDA:77,3,1,2
BRDA:81,4,0,0
BRDA:81,4,1,0
BRDA:97,5,0,0
BRDA:97,5,1,0
BRDA:97,6,0,0
BRDA:97,6,1,0
BRDA:97,6,2,0
BRDA:102,7,0,0
BRDA:102,7,1,0
BRDA:117,8,0,0
BRDA:117,8,1,0
BRDA:136,9,0,0
BRDA:136,9,1,0
BRDA:136,10,0,0
BRDA:136,10,1,0
BRDA:136,10,2,0
BRF:24
BRH:5
end_of_record
TN:
SF:services/firebase.ts
FNF:0
FNH:0
DA:13,0
DA:23,0
DA:26,0
DA:29,0
DA:33,0
DA:34,0
DA:38,0
LF:7
LH:0
BRDA:33,0,0,0
BRDA:33,0,1,0
BRF:2
BRH:0
end_of_record
TN:
SF:services/firestore.ts
FNF:0
FNH:0
LF:0
LH:0
BRF:0
BRH:0
end_of_record
TN:
SF:services/gameService.ts
FN:18,(anonymous_0)
FN:36,(anonymous_1)
FN:47,(anonymous_2)
FN:55,(anonymous_3)
FN:69,(anonymous_4)
FN:77,(anonymous_5)
FN:93,(anonymous_6)
FN:109,(anonymous_7)
FN:110,(anonymous_8)
FN:115,(anonymous_9)
FNF:10
FNH:8
FNDA:0,(anonymous_0)
FNDA:0,(anonymous_1)
FNDA:2,(anonymous_2)
FNDA:6,(anonymous_3)
FNDA:1,(anonymous_4)
FNDA:3,(anonymous_5)
FNDA:1,(anonymous_6)
FNDA:2,(anonymous_7)
FNDA:1,(anonymous_8)
FNDA:2,(anonymous_9)
DA:17,3
DA:19,0
DA:21,0
DA:33,0
DA:37,0
DA:38,0
DA:39,0
DA:44,0
DA:48,2
DA:50,2
DA:54,2
DA:55,2
DA:56,6
DA:57,6
DA:70,1
DA:72,1
DA:76,1
DA:77,1
DA:78,3
DA:79,3
DA:94,1
DA:95,1
DA:98,1
DA:99,1
DA:100,3
DA:101,3
DA:102,3
DA:103,3
DA:104,3
DA:105,3
DA:109,2
DA:110,1
DA:111,1
DA:112,0
DA:115,2
DA:118,0
DA:119,0
DA:120,0
DA:121,0
DA:122,0
DA:123,0
DA:129,0
LF:42
LH:27
BRDA:39,0,0,0
BRDA:39,0,1,0
BRDA:47,1,0,0
BRDA:50,2,0,2
BRDA:50,2,1,0
BRDA:59,3,0,6
BRDA:59,3,1,0
BRDA:69,4,0,0
BRDA:72,5,0,0
BRDA:72,5,1,1
BRDA:81,6,0,3
BRDA:81,6,1,0
BRDA:93,7,0,0
BRDA:93,8,0,0
BRDA:95,9,0,0
BRDA:95,9,1,1
BRDA:95,10,0,0
BRDA:95,10,1,0
BRDA:100,11,0,3
BRDA:100,11,1,0
BRDA:101,12,0,0
BRDA:101,12,1,3
BRDA:102,13,0,2
BRDA:102,13,1,1
BRDA:104,14,0,3
BRDA:104,14,1,0
BRDA:105,15,0,3
BRDA:105,15,1,0
BRDA:111,16,0,1
BRDA:111,16,1,0
BRDA:118,17,0,0
BRDA:118,17,1,0
BRDA:120,18,0,0
BRDA:120,18,1,0
BRDA:122,19,0,0
BRDA:122,19,1,0
BRDA:122,20,0,0
BRDA:122,20,1,0
BRF:38
BRH:12
end_of_record
TN:
SF:services/leaderboardService.ts
FN:6,(anonymous_0)
FN:10,(anonymous_1)
FN:26,(anonymous_2)
FNF:3
FNH:3
FNDA:1,(anonymous_0)
FNDA:4,(anonymous_1)
FNDA:4,(anonymous_2)
DA:5,2
DA:7,1
DA:9,1
DA:11,4
DA:12,4
DA:26,4
LF:6
LH:6
BRDA:17,0,0,4
BRDA:17,0,1,0
BRF:2
BRH:1
end_of_record
TN:
SF:services/renegService.ts
FN:18,(anonymous_0)
FN:34,(anonymous_1)
FN:44,(anonymous_2)
FN:60,(anonymous_3)
FN:70,(anonymous_4)
FN:79,(anonymous_5)
FN:89,(anonymous_6)
FN:109,(anonymous_7)
FN:113,(anonymous_8)
FN:121,(anonymous_9)
FN:140,(anonymous_10)
FNF:11
FNH:8
FNDA:0,(anonymous_0)
FNDA:0,(anonymous_1)
FNDA:2,(anonymous_2)
FNDA:5,(anonymous_3)
FNDA:3,(anonymous_4)
FNDA:4,(anonymous_5)
FNDA:2,(anonymous_6)
FNDA:2,(anonymous_7)
FNDA:1,(anonymous_8)
FNDA:0,(anonymous_9)
FNDA:2,(anonymous_10)
DA:17,6
DA:19,0
DA:21,0
DA:31,0
DA:35,0
DA:36,0
DA:37,0
DA:41,0
DA:45,2
DA:51,2
DA:52,2
DA:59,2
DA:60,5
DA:71,3
DA:73,3
DA:78,3
DA:79,4
DA:89,2
DA:92,2
DA:94,1
DA:97,1
DA:98,1
DA:99,1
DA:100,1
DA:101,0
DA:108,1
DA:109,2
DA:114,1
DA:115,1
DA:119,1
DA:120,1
DA:121,0
DA:130,1
DA:131,1
DA:132,1
DA:133,1
DA:134,1
DA:135,0
DA:139,1
DA:140,2
LF:40
LH:30
BRDA:37,0,0,0
BRDA:37,0,1,0
BRDA:44,1,0,0
BRDA:51,2,0,2
BRDA:51,2,1,0
BRDA:70,3,0,0
BRDA:92,4,0,2
BRDA:92,4,1,0
BRDA:94,5,0,1
BRDA:94,5,1,0
BRDA:98,6,0,1
BRDA:98,6,1,0
BRDA:100,7,0,0
BRDA:100,7,1,1
BRDA:100,8,0,1
BRDA:100,8,1,0
BRDA:113,9,0,0
BRDA:115,10,0,1
BRDA:115,10,1,0
BRDA:130,11,0,1
BRDA:130,11,1,0
BRDA:132,12,0,1
BRDA:132,12,1,0
BRDA:134,13,0,0
BRDA:134,13,1,1
BRDA:134,14,0,1
BRDA:134,14,1,0
BRF:27
BRH:11
end_of_record
TN:
SF:services/tournamentService.ts
FN:7,(anonymous_0)
FN:21,(anonymous_1)
FN:26,(anonymous_2)
FN:29,(anonymous_3)
FNF:4
FNH:4
FNDA:2,(anonymous_0)
FNDA:2,(anonymous_1)
FNDA:6,(anonymous_2)
FNDA:6,(anonymous_3)
DA:6,3
DA:8,2
DA:9,2
DA:11,2
DA:12,2
DA:22,2
DA:23,2
DA:25,2
DA:26,6
DA:29,6
LF:10
LH:10
BRDA:9,0,0,0
BRDA:9,0,1,2
BRDA:23,1,0,0
BRDA:23,1,1,2
BRF:4
BRH:2
end_of_record
TN:
SF:services/userService.ts
FN:15,(anonymous_0)
FN:29,(anonymous_1)
FN:49,(anonymous_2)
FN:60,(anonymous_3)
FN:79,(anonymous_4)
FN:85,(anonymous_5)
FN:88,(anonymous_6)
FN:90,(anonymous_7)
FN:92,(anonymous_8)
FNF:9
FNH:6
FNDA:8,(anonymous_0)
FNDA:1,(anonymous_1)
FNDA:1,(anonymous_2)
FNDA:13,(anonymous_3)
FNDA:60,(anonymous_4)
FNDA:45,(anonymous_5)
FNDA:0,(anonymous_6)
FNDA:0,(anonymous_7)
FNDA:0,(anonymous_8)
DA:14,4
DA:16,8
DA:17,8
DA:19,7
DA:20,7
DA:30,1
DA:38,1
DA:46,1
DA:50,1
DA:54,1
DA:55,1
DA:57,1
DA:62,13
DA:64,13
DA:65,12
DA:68,13
DA:71,13
DA:72,13
DA:74,13
DA:75,40
DA:76,40
DA:79,60
DA:81,40
DA:82,34
DA:85,45
DA:87,34
DA:88,0
DA:89,0
DA:90,0
DA:91,0
DA:92,0
DA:93,0
DA:94,0
DA:99,34
DA:100,34
DA:106,13
DA:108,13
DA:109,12
DA:116,13
DA:117,13
DA:119,13
LF:41
LH:34
BRDA:17,0,0,1
BRDA:17,0,1,7
BRDA:54,1,0,1
BRDA:54,1,1,0
BRDA:55,2,0,1
BRDA:55,2,1,0
BRDA:64,3,0,12
BRDA:64,3,1,1
BRDA:76,4,0,40
BRDA:76,4,1,0
BRDA:81,5,0,34
BRDA:81,5,1,6
BRDA:87,6,0,0
BRDA:87,6,1,34
BRDA:89,7,0,0
BRDA:89,7,1,0
BRDA:93,8,0,0
BRDA:93,8,1,0
BRDA:99,9,0,34
BRDA:99,9,1,34
BRDA:99,9,2,34
BRDA:100,10,0,17
BRDA:100,10,1,17
BRDA:108,11,0,12
BRDA:108,11,1,1
BRF:25
BRH:17
end_of_record
TN:
SF:types/index.ts
FNF:0
FNH:0
LF:0
LH:0
BRF:0
BRH:0
end_of_record
TN:
SF:utils/helpers.ts
FN:9,(anonymous_0)
FN:19,(anonymous_1)
FN:33,(anonymous_2)
FN:57,(anonymous_3)
FN:66,(anonymous_4)
FN:80,(anonymous_5)
FN:96,(anonymous_6)
FN:114,(anonymous_7)
FN:125,(anonymous_8)
FNF:9
FNH:6
FNDA:5,(anonymous_0)
FNDA:15,(anonymous_1)
FNDA:17,(anonymous_2)
FNDA:9,(anonymous_3)
FNDA:0,(anonymous_4)
FNDA:0,(anonymous_5)
FNDA:0,(anonymous_6)
FNDA:4,(anonymous_7)
FNDA:7,(anonymous_8)
DA:9,2
DA:10,5
DA:11,4
DA:19,2
DA:20,15
DA:21,15
DA:22,49
DA:23,49
DA:25,15
DA:33,2
DA:34,17
DA:35,1
DA:38,16
DA:39,1
DA:42,15
DA:43,15
DA:45,15
DA:57,2
DA:58,9
DA:66,2
DA:67,0
DA:72,0
DA:80,2
DA:81,0
DA:88,0
DA:96,2
DA:97,0
DA:98,0
DA:100,0
DA:101,0
DA:102,0
DA:103,0
DA:105,0
DA:114,2
DA:115,4
DA:125,2
DA:126,7
LF:37
LH:26
BRDA:10,0,0,1
BRDA:10,0,1,4
BRDA:34,1,0,1
BRDA:34,1,1,16
BRDA:38,2,0,1
BRDA:38,2,1,15
BRDA:57,3,0,7
BRDA:58,4,0,9
BRDA:58,4,1,8
BRDA:58,4,2,5
BRDA:100,5,0,0
BRDA:100,5,1,0
BRDA:101,6,0,0
BRDA:101,6,1,0
BRDA:102,7,0,0
BRDA:102,7,1,0
BRDA:103,8,0,0
BRDA:103,8,1,0
BRDA:115,9,0,4
BRDA:115,9,1,3
BRDA:125,10,0,5
BRF:21
BRH:13
end_of_record
TN:
SF:utils/rules.ts
FN:4,coerceDate
FN:15,isProposalExpired
FN:22,computeNextApprovals
FN:34,(anonymous_3)
FNF:4
FNH:4
FNDA:3,coerceDate
FNDA:3,isProposalExpired
FNDA:4,computeNextApprovals
FNDA:1,(anonymous_3)
DA:1,1
DA:2,1
DA:5,3
DA:6,3
DA:7,0
DA:8,0
DA:9,0
DA:10,0
DA:12,0
DA:16,3
DA:17,3
DA:18,3
DA:19,2
DA:23,4
DA:24,4
DA:25,4
DA:28,4
DA:31,3
DA:34,2
LF:19
LH:14
BRDA:5,0,0,0
BRDA:5,0,1,3
BRDA:6,1,0,3
BRDA:6,1,1,0
BRDA:7,2,0,0
BRDA:7,2,1,0
BRDA:8,3,0,0
BRDA:8,3,1,0
BRDA:9,4,0,0
BRDA:9,4,1,0
BRDA:9,5,0,0
BRDA:9,5,1,0
BRDA:15,6,0,0
BRDA:17,7,0,0
BRDA:17,7,1,3
BRDA:18,8,0,1
BRDA:18,8,1,2
BRDA:23,9,0,4
BRDA:23,9,1,0
BRDA:28,10,0,1
BRDA:28,10,1,3
BRDA:28,11,0,4
BRDA:28,11,1,2
BRDA:31,12,0,1
BRDA:31,12,1,2
BRDA:31,13,0,3
BRDA:31,13,1,1
BRDA:34,14,0,1
BRDA:34,14,1,1
BRF:29
BRH:16
end_of_record
TN:
SF:utils/shadow.ts
FN:3,webBoxShadow
FNF:1
FNH:0
FNDA:0,webBoxShadow
DA:4,0
DA:6,0
DA:8,0
LF:3
LH:0
BRDA:3,0,0,0
BRDA:3,1,0,0
BRDA:3,2,0,0
BRDA:4,3,0,0
BRDA:4,3,1,0
BRF:5
BRH:0
end_of_record
